[Fri, 10 Jul 15 03:38:18 +0200][ERROR] workManagiment\Frontend\Controllers\CommonController handler class cannot be loaded [C:\xampp\htdocs\workManagiment\public\index.php(57)]
Started Trace
#0 [internal function]: Phalcon\Mvc\Dispatcher->_throwDispatchException('workManagiment\...', 2)
#1 [internal function]: Phalcon\Dispatcher->dispatch()
#2 C:\xampp\htdocs\workManagiment\public\index.php(57): Phalcon\Mvc\Application->handle()
#3 {main}
[Fri, 10 Jul 15 03:38:19 +0200][ERROR] workManagiment\Frontend\Controllers\DistController handler class cannot be loaded [C:\xampp\htdocs\workManagiment\public\index.php(57)]
Started Trace
#0 [internal function]: Phalcon\Mvc\Dispatcher->_throwDispatchException('workManagiment\...', 2)
#1 [internal function]: Phalcon\Dispatcher->dispatch()
#2 C:\xampp\htdocs\workManagiment\public\index.php(57): Phalcon\Mvc\Application->handle()
#3 {main}
[Fri, 10 Jul 15 03:38:19 +0200][ERROR] workManagiment\Frontend\Controllers\DistController handler class cannot be loaded [C:\xampp\htdocs\workManagiment\public\index.php(57)]
Started Trace
#0 [internal function]: Phalcon\Mvc\Dispatcher->_throwDispatchException('workManagiment\...', 2)
#1 [internal function]: Phalcon\Dispatcher->dispatch()
#2 C:\xampp\htdocs\workManagiment\public\index.php(57): Phalcon\Mvc\Application->handle()
#3 {main}
[Fri, 10 Jul 15 03:38:19 +0200][ERROR] workManagiment\Frontend\Controllers\DistController handler class cannot be loaded [C:\xampp\htdocs\workManagiment\public\index.php(57)]
Started Trace
#0 [internal function]: Phalcon\Mvc\Dispatcher->_throwDispatchException('workManagiment\...', 2)
#1 [internal function]: Phalcon\Dispatcher->dispatch()
#2 C:\xampp\htdocs\workManagiment\public\index.php(57): Phalcon\Mvc\Application->handle()
#3 {main}
[Fri, 10 Jul 15 03:44:30 +0200][ERROR] workManagiment\Frontend\Controllers\CommonController handler class cannot be loaded [C:\xampp\htdocs\workManagiment\public\index.php(57)]
Started Trace
#0 [internal function]: Phalcon\Mvc\Dispatcher->_throwDispatchException('workManagiment\...', 2)
#1 [internal function]: Phalcon\Dispatcher->dispatch()
#2 C:\xampp\htdocs\workManagiment\public\index.php(57): Phalcon\Mvc\Application->handle()
#3 {main}
[Fri, 10 Jul 15 03:44:30 +0200][ERROR] workManagiment\Frontend\Controllers\DistController handler class cannot be loaded [C:\xampp\htdocs\workManagiment\public\index.php(57)]
Started Trace
#0 [internal function]: Phalcon\Mvc\Dispatcher->_throwDispatchException('workManagiment\...', 2)
#1 [internal function]: Phalcon\Dispatcher->dispatch()
#2 C:\xampp\htdocs\workManagiment\public\index.php(57): Phalcon\Mvc\Application->handle()
#3 {main}
[Fri, 10 Jul 15 03:44:30 +0200][ERROR] workManagiment\Frontend\Controllers\DistController handler class cannot be loaded [C:\xampp\htdocs\workManagiment\public\index.php(57)]
Started Trace
#0 [internal function]: Phalcon\Mvc\Dispatcher->_throwDispatchException('workManagiment\...', 2)
#1 [internal function]: Phalcon\Dispatcher->dispatch()
#2 C:\xampp\htdocs\workManagiment\public\index.php(57): Phalcon\Mvc\Application->handle()
#3 {main}
[Fri, 10 Jul 15 03:44:30 +0200][ERROR] workManagiment\Frontend\Controllers\DistController handler class cannot be loaded [C:\xampp\htdocs\workManagiment\public\index.php(57)]
Started Trace
#0 [internal function]: Phalcon\Mvc\Dispatcher->_throwDispatchException('workManagiment\...', 2)
#1 [internal function]: Phalcon\Dispatcher->dispatch()
#2 C:\xampp\htdocs\workManagiment\public\index.php(57): Phalcon\Mvc\Application->handle()
#3 {main}
[Fri, 10 Jul 15 03:44:31 +0200][ERROR] workManagiment\Frontend\Controllers\DistController handler class cannot be loaded [C:\xampp\htdocs\workManagiment\public\index.php(57)]
Started Trace
#0 [internal function]: Phalcon\Mvc\Dispatcher->_throwDispatchException('workManagiment\...', 2)
#1 [internal function]: Phalcon\Dispatcher->dispatch()
#2 C:\xampp\htdocs\workManagiment\public\index.php(57): Phalcon\Mvc\Application->handle()
#3 {main}
[Fri, 10 Jul 15 03:44:31 +0200][ERROR] workManagiment\Frontend\Controllers\DistController handler class cannot be loaded [C:\xampp\htdocs\workManagiment\public\index.php(57)]
Started Trace
#0 [internal function]: Phalcon\Mvc\Dispatcher->_throwDispatchException('workManagiment\...', 2)
#1 [internal function]: Phalcon\Dispatcher->dispatch()
#2 C:\xampp\htdocs\workManagiment\public\index.php(57): Phalcon\Mvc\Application->handle()
#3 {main}
[Fri, 10 Jul 15 03:44:31 +0200][ERROR] workManagiment\Frontend\Controllers\DistController handler class cannot be loaded [C:\xampp\htdocs\workManagiment\public\index.php(57)]
Started Trace
#0 [internal function]: Phalcon\Mvc\Dispatcher->_throwDispatchException('workManagiment\...', 2)
#1 [internal function]: Phalcon\Dispatcher->dispatch()
#2 C:\xampp\htdocs\workManagiment\public\index.php(57): Phalcon\Mvc\Application->handle()
#3 {main}
[Fri, 10 Jul 15 03:44:42 +0200][ERROR] workManagiment\Frontend\Controllers\DistController handler class cannot be loaded [C:\xampp\htdocs\workManagiment\public\index.php(57)]
Started Trace
#0 [internal function]: Phalcon\Mvc\Dispatcher->_throwDispatchException('workManagiment\...', 2)
#1 [internal function]: Phalcon\Dispatcher->dispatch()
#2 C:\xampp\htdocs\workManagiment\public\index.php(57): Phalcon\Mvc\Application->handle()
#3 {main}
[Fri, 10 Jul 15 03:44:42 +0200][ERROR] workManagiment\Frontend\Controllers\CommonController handler class cannot be loaded [C:\xampp\htdocs\workManagiment\public\index.php(57)]
Started Trace
#0 [internal function]: Phalcon\Mvc\Dispatcher->_throwDispatchException('workManagiment\...', 2)
#1 [internal function]: Phalcon\Dispatcher->dispatch()
#2 C:\xampp\htdocs\workManagiment\public\index.php(57): Phalcon\Mvc\Application->handle()
#3 {main}
[Fri, 10 Jul 15 03:44:42 +0200][ERROR] workManagiment\Frontend\Controllers\DistController handler class cannot be loaded [C:\xampp\htdocs\workManagiment\public\index.php(57)]
Started Trace
#0 [internal function]: Phalcon\Mvc\Dispatcher->_throwDispatchException('workManagiment\...', 2)
#1 [internal function]: Phalcon\Dispatcher->dispatch()
#2 C:\xampp\htdocs\workManagiment\public\index.php(57): Phalcon\Mvc\Application->handle()
#3 {main}
[Fri, 10 Jul 15 03:44:42 +0200][ERROR] workManagiment\Frontend\Controllers\DistController handler class cannot be loaded [C:\xampp\htdocs\workManagiment\public\index.php(57)]
Started Trace
#0 [internal function]: Phalcon\Mvc\Dispatcher->_throwDispatchException('workManagiment\...', 2)
#1 [internal function]: Phalcon\Dispatcher->dispatch()
#2 C:\xampp\htdocs\workManagiment\public\index.php(57): Phalcon\Mvc\Application->handle()
#3 {main}
[Fri, 10 Jul 15 03:46:00 +0200][ERROR] workManagiment\Frontend\Controllers\DistController handler class cannot be loaded [C:\xampp\htdocs\workManagiment\public\index.php(57)]
Started Trace
#0 [internal function]: Phalcon\Mvc\Dispatcher->_throwDispatchException('workManagiment\...', 2)
#1 [internal function]: Phalcon\Dispatcher->dispatch()
#2 C:\xampp\htdocs\workManagiment\public\index.php(57): Phalcon\Mvc\Application->handle()
#3 {main}
[Fri, 10 Jul 15 03:46:00 +0200][ERROR] workManagiment\Frontend\Controllers\CommonController handler class cannot be loaded [C:\xampp\htdocs\workManagiment\public\index.php(57)]
Started Trace
#0 [internal function]: Phalcon\Mvc\Dispatcher->_throwDispatchException('workManagiment\...', 2)
#1 [internal function]: Phalcon\Dispatcher->dispatch()
#2 C:\xampp\htdocs\workManagiment\public\index.php(57): Phalcon\Mvc\Application->handle()
#3 {main}
[Fri, 10 Jul 15 03:46:00 +0200][ERROR] workManagiment\Frontend\Controllers\DistController handler class cannot be loaded [C:\xampp\htdocs\workManagiment\public\index.php(57)]
Started Trace
#0 [internal function]: Phalcon\Mvc\Dispatcher->_throwDispatchException('workManagiment\...', 2)
#1 [internal function]: Phalcon\Dispatcher->dispatch()
#2 C:\xampp\htdocs\workManagiment\public\index.php(57): Phalcon\Mvc\Application->handle()
#3 {main}
[Fri, 10 Jul 15 03:46:00 +0200][ERROR] workManagiment\Frontend\Controllers\DistController handler class cannot be loaded [C:\xampp\htdocs\workManagiment\public\index.php(57)]
Started Trace
#0 [internal function]: Phalcon\Mvc\Dispatcher->_throwDispatchException('workManagiment\...', 2)
#1 [internal function]: Phalcon\Dispatcher->dispatch()
#2 C:\xampp\htdocs\workManagiment\public\index.php(57): Phalcon\Mvc\Application->handle()
#3 {main}
[Fri, 10 Jul 15 03:46:01 +0200][ERROR] workManagiment\Frontend\Controllers\DistController handler class cannot be loaded [C:\xampp\htdocs\workManagiment\public\index.php(57)]
Started Trace
#0 [internal function]: Phalcon\Mvc\Dispatcher->_throwDispatchException('workManagiment\...', 2)
#1 [internal function]: Phalcon\Dispatcher->dispatch()
#2 C:\xampp\htdocs\workManagiment\public\index.php(57): Phalcon\Mvc\Application->handle()
#3 {main}
[Fri, 10 Jul 15 03:46:01 +0200][ERROR] workManagiment\Frontend\Controllers\DistController handler class cannot be loaded [C:\xampp\htdocs\workManagiment\public\index.php(57)]
Started Trace
#0 [internal function]: Phalcon\Mvc\Dispatcher->_throwDispatchException('workManagiment\...', 2)
#1 [internal function]: Phalcon\Dispatcher->dispatch()
#2 C:\xampp\htdocs\workManagiment\public\index.php(57): Phalcon\Mvc\Application->handle()
#3 {main}
[Fri, 10 Jul 15 03:46:01 +0200][ERROR] workManagiment\Frontend\Controllers\DistController handler class cannot be loaded [C:\xampp\htdocs\workManagiment\public\index.php(57)]
Started Trace
#0 [internal function]: Phalcon\Mvc\Dispatcher->_throwDispatchException('workManagiment\...', 2)
#1 [internal function]: Phalcon\Dispatcher->dispatch()
#2 C:\xampp\htdocs\workManagiment\public\index.php(57): Phalcon\Mvc\Application->handle()
#3 {main}
[Fri, 10 Jul 15 03:46:48 +0200][ERROR] workManagiment\Frontend\Controllers\CommonController handler class cannot be loaded [C:\xampp\htdocs\workManagiment\public\index.php(57)]
Started Trace
#0 [internal function]: Phalcon\Mvc\Dispatcher->_throwDispatchException('workManagiment\...', 2)
#1 [internal function]: Phalcon\Dispatcher->dispatch()
#2 C:\xampp\htdocs\workManagiment\public\index.php(57): Phalcon\Mvc\Application->handle()
#3 {main}
[Fri, 10 Jul 15 03:46:48 +0200][ERROR] workManagiment\Frontend\Controllers\DistController handler class cannot be loaded [C:\xampp\htdocs\workManagiment\public\index.php(57)]
Started Trace
#0 [internal function]: Phalcon\Mvc\Dispatcher->_throwDispatchException('workManagiment\...', 2)
#1 [internal function]: Phalcon\Dispatcher->dispatch()
#2 C:\xampp\htdocs\workManagiment\public\index.php(57): Phalcon\Mvc\Application->handle()
#3 {main}
[Fri, 10 Jul 15 03:46:48 +0200][ERROR] workManagiment\Frontend\Controllers\DistController handler class cannot be loaded [C:\xampp\htdocs\workManagiment\public\index.php(57)]
Started Trace
#0 [internal function]: Phalcon\Mvc\Dispatcher->_throwDispatchException('workManagiment\...', 2)
#1 [internal function]: Phalcon\Dispatcher->dispatch()
#2 C:\xampp\htdocs\workManagiment\public\index.php(57): Phalcon\Mvc\Application->handle()
#3 {main}
[Fri, 10 Jul 15 03:46:48 +0200][ERROR] workManagiment\Frontend\Controllers\DistController handler class cannot be loaded [C:\xampp\htdocs\workManagiment\public\index.php(57)]
Started Trace
#0 [internal function]: Phalcon\Mvc\Dispatcher->_throwDispatchException('workManagiment\...', 2)
#1 [internal function]: Phalcon\Dispatcher->dispatch()
#2 C:\xampp\htdocs\workManagiment\public\index.php(57): Phalcon\Mvc\Application->handle()
#3 {main}
[Fri, 10 Jul 15 03:55:38 +0200][ERROR] workManagiment\Frontend\Controllers\CommonController handler class cannot be loaded [C:\xampp\htdocs\workManagiment\public\index.php(57)]
Started Trace
#0 [internal function]: Phalcon\Mvc\Dispatcher->_throwDispatchException('workManagiment\...', 2)
#1 [internal function]: Phalcon\Dispatcher->dispatch()
#2 C:\xampp\htdocs\workManagiment\public\index.php(57): Phalcon\Mvc\Application->handle()
#3 {main}
[Fri, 10 Jul 15 03:55:38 +0200][ERROR] workManagiment\Frontend\Controllers\DistController handler class cannot be loaded [C:\xampp\htdocs\workManagiment\public\index.php(57)]
Started Trace
#0 [internal function]: Phalcon\Mvc\Dispatcher->_throwDispatchException('workManagiment\...', 2)
#1 [internal function]: Phalcon\Dispatcher->dispatch()
#2 C:\xampp\htdocs\workManagiment\public\index.php(57): Phalcon\Mvc\Application->handle()
#3 {main}
[Fri, 10 Jul 15 03:55:38 +0200][ERROR] workManagiment\Frontend\Controllers\DistController handler class cannot be loaded [C:\xampp\htdocs\workManagiment\public\index.php(57)]
Started Trace
#0 [internal function]: Phalcon\Mvc\Dispatcher->_throwDispatchException('workManagiment\...', 2)
#1 [internal function]: Phalcon\Dispatcher->dispatch()
#2 C:\xampp\htdocs\workManagiment\public\index.php(57): Phalcon\Mvc\Application->handle()
#3 {main}
[Fri, 10 Jul 15 03:55:38 +0200][ERROR] workManagiment\Frontend\Controllers\DistController handler class cannot be loaded [C:\xampp\htdocs\workManagiment\public\index.php(57)]
Started Trace
#0 [internal function]: Phalcon\Mvc\Dispatcher->_throwDispatchException('workManagiment\...', 2)
#1 [internal function]: Phalcon\Dispatcher->dispatch()
#2 C:\xampp\htdocs\workManagiment\public\index.php(57): Phalcon\Mvc\Application->handle()
#3 {main}
[Fri, 10 Jul 15 03:59:25 +0200][ERROR] workManagiment\Frontend\Controllers\DistController handler class cannot be loaded [C:\xampp\htdocs\workManagiment\public\index.php(57)]
Started Trace
#0 [internal function]: Phalcon\Mvc\Dispatcher->_throwDispatchException('workManagiment\...', 2)
#1 [internal function]: Phalcon\Dispatcher->dispatch()
#2 C:\xampp\htdocs\workManagiment\public\index.php(57): Phalcon\Mvc\Application->handle()
#3 {main}
[Fri, 10 Jul 15 03:59:25 +0200][ERROR] workManagiment\Frontend\Controllers\CommonController handler class cannot be loaded [C:\xampp\htdocs\workManagiment\public\index.php(57)]
Started Trace
#0 [internal function]: Phalcon\Mvc\Dispatcher->_throwDispatchException('workManagiment\...', 2)
#1 [internal function]: Phalcon\Dispatcher->dispatch()
#2 C:\xampp\htdocs\workManagiment\public\index.php(57): Phalcon\Mvc\Application->handle()
#3 {main}
[Fri, 10 Jul 15 03:59:25 +0200][ERROR] workManagiment\Frontend\Controllers\DistController handler class cannot be loaded [C:\xampp\htdocs\workManagiment\public\index.php(57)]
Started Trace
#0 [internal function]: Phalcon\Mvc\Dispatcher->_throwDispatchException('workManagiment\...', 2)
#1 [internal function]: Phalcon\Dispatcher->dispatch()
#2 C:\xampp\htdocs\workManagiment\public\index.php(57): Phalcon\Mvc\Application->handle()
#3 {main}
[Fri, 10 Jul 15 03:59:25 +0200][ERROR] workManagiment\Frontend\Controllers\DistController handler class cannot be loaded [C:\xampp\htdocs\workManagiment\public\index.php(57)]
Started Trace
#0 [internal function]: Phalcon\Mvc\Dispatcher->_throwDispatchException('workManagiment\...', 2)
#1 [internal function]: Phalcon\Dispatcher->dispatch()
#2 C:\xampp\htdocs\workManagiment\public\index.php(57): Phalcon\Mvc\Application->handle()
#3 {main}
[Fri, 10 Jul 15 03:59:26 +0200][ERROR] workManagiment\Frontend\Controllers\DistController handler class cannot be loaded [C:\xampp\htdocs\workManagiment\public\index.php(57)]
Started Trace
#0 [internal function]: Phalcon\Mvc\Dispatcher->_throwDispatchException('workManagiment\...', 2)
#1 [internal function]: Phalcon\Dispatcher->dispatch()
#2 C:\xampp\htdocs\workManagiment\public\index.php(57): Phalcon\Mvc\Application->handle()
#3 {main}
[Fri, 10 Jul 15 03:59:26 +0200][ERROR] workManagiment\Frontend\Controllers\DistController handler class cannot be loaded [C:\xampp\htdocs\workManagiment\public\index.php(57)]
Started Trace
#0 [internal function]: Phalcon\Mvc\Dispatcher->_throwDispatchException('workManagiment\...', 2)
#1 [internal function]: Phalcon\Dispatcher->dispatch()
#2 C:\xampp\htdocs\workManagiment\public\index.php(57): Phalcon\Mvc\Application->handle()
#3 {main}
[Fri, 10 Jul 15 03:59:26 +0200][ERROR] workManagiment\Frontend\Controllers\DistController handler class cannot be loaded [C:\xampp\htdocs\workManagiment\public\index.php(57)]
Started Trace
#0 [internal function]: Phalcon\Mvc\Dispatcher->_throwDispatchException('workManagiment\...', 2)
#1 [internal function]: Phalcon\Dispatcher->dispatch()
#2 C:\xampp\htdocs\workManagiment\public\index.php(57): Phalcon\Mvc\Application->handle()
#3 {main}
[Fri, 10 Jul 15 04:06:06 +0200][ERROR] workManagiment\Frontend\Controllers\CommonController handler class cannot be loaded [C:\xampp\htdocs\workManagiment\public\index.php(57)]
Started Trace
#0 [internal function]: Phalcon\Mvc\Dispatcher->_throwDispatchException('workManagiment\...', 2)
#1 [internal function]: Phalcon\Dispatcher->dispatch()
#2 C:\xampp\htdocs\workManagiment\public\index.php(57): Phalcon\Mvc\Application->handle()
#3 {main}
[Fri, 10 Jul 15 04:06:06 +0200][ERROR] workManagiment\Frontend\Controllers\DistController handler class cannot be loaded [C:\xampp\htdocs\workManagiment\public\index.php(57)]
Started Trace
#0 [internal function]: Phalcon\Mvc\Dispatcher->_throwDispatchException('workManagiment\...', 2)
#1 [internal function]: Phalcon\Dispatcher->dispatch()
#2 C:\xampp\htdocs\workManagiment\public\index.php(57): Phalcon\Mvc\Application->handle()
#3 {main}
[Fri, 10 Jul 15 04:06:06 +0200][ERROR] workManagiment\Frontend\Controllers\DistController handler class cannot be loaded [C:\xampp\htdocs\workManagiment\public\index.php(57)]
Started Trace
#0 [internal function]: Phalcon\Mvc\Dispatcher->_throwDispatchException('workManagiment\...', 2)
#1 [internal function]: Phalcon\Dispatcher->dispatch()
#2 C:\xampp\htdocs\workManagiment\public\index.php(57): Phalcon\Mvc\Application->handle()
#3 {main}
[Fri, 10 Jul 15 04:06:06 +0200][ERROR] workManagiment\Frontend\Controllers\DistController handler class cannot be loaded [C:\xampp\htdocs\workManagiment\public\index.php(57)]
Started Trace
#0 [internal function]: Phalcon\Mvc\Dispatcher->_throwDispatchException('workManagiment\...', 2)
#1 [internal function]: Phalcon\Dispatcher->dispatch()
#2 C:\xampp\htdocs\workManagiment\public\index.php(57): Phalcon\Mvc\Application->handle()
#3 {main}
[Fri, 10 Jul 15 04:07:38 +0200][ERROR] workManagiment\Frontend\Controllers\DistController handler class cannot be loaded [C:\xampp\htdocs\workManagiment\public\index.php(57)]
Started Trace
#0 [internal function]: Phalcon\Mvc\Dispatcher->_throwDispatchException('workManagiment\...', 2)
#1 [internal function]: Phalcon\Dispatcher->dispatch()
#2 C:\xampp\htdocs\workManagiment\public\index.php(57): Phalcon\Mvc\Application->handle()
#3 {main}
[Fri, 10 Jul 15 04:07:38 +0200][ERROR] workManagiment\Frontend\Controllers\CommonController handler class cannot be loaded [C:\xampp\htdocs\workManagiment\public\index.php(57)]
Started Trace
#0 [internal function]: Phalcon\Mvc\Dispatcher->_throwDispatchException('workManagiment\...', 2)
#1 [internal function]: Phalcon\Dispatcher->dispatch()
#2 C:\xampp\htdocs\workManagiment\public\index.php(57): Phalcon\Mvc\Application->handle()
#3 {main}
[Fri, 10 Jul 15 04:07:38 +0200][ERROR] workManagiment\Frontend\Controllers\DistController handler class cannot be loaded [C:\xampp\htdocs\workManagiment\public\index.php(57)]
Started Trace
#0 [internal function]: Phalcon\Mvc\Dispatcher->_throwDispatchException('workManagiment\...', 2)
#1 [internal function]: Phalcon\Dispatcher->dispatch()
#2 C:\xampp\htdocs\workManagiment\public\index.php(57): Phalcon\Mvc\Application->handle()
#3 {main}
[Fri, 10 Jul 15 04:07:38 +0200][ERROR] workManagiment\Frontend\Controllers\DistController handler class cannot be loaded [C:\xampp\htdocs\workManagiment\public\index.php(57)]
Started Trace
#0 [internal function]: Phalcon\Mvc\Dispatcher->_throwDispatchException('workManagiment\...', 2)
#1 [internal function]: Phalcon\Dispatcher->dispatch()
#2 C:\xampp\htdocs\workManagiment\public\index.php(57): Phalcon\Mvc\Application->handle()
#3 {main}
[Fri, 10 Jul 15 04:09:21 +0200][ERROR] workManagiment\Frontend\Controllers\CommonController handler class cannot be loaded [C:\xampp\htdocs\workManagiment\public\index.php(57)]
Started Trace
#0 [internal function]: Phalcon\Mvc\Dispatcher->_throwDispatchException('workManagiment\...', 2)
#1 [internal function]: Phalcon\Dispatcher->dispatch()
#2 C:\xampp\htdocs\workManagiment\public\index.php(57): Phalcon\Mvc\Application->handle()
#3 {main}
[Fri, 10 Jul 15 04:09:21 +0200][ERROR] workManagiment\Frontend\Controllers\DistController handler class cannot be loaded [C:\xampp\htdocs\workManagiment\public\index.php(57)]
Started Trace
#0 [internal function]: Phalcon\Mvc\Dispatcher->_throwDispatchException('workManagiment\...', 2)
#1 [internal function]: Phalcon\Dispatcher->dispatch()
#2 C:\xampp\htdocs\workManagiment\public\index.php(57): Phalcon\Mvc\Application->handle()
#3 {main}
[Fri, 10 Jul 15 04:09:21 +0200][ERROR] workManagiment\Frontend\Controllers\DistController handler class cannot be loaded [C:\xampp\htdocs\workManagiment\public\index.php(57)]
Started Trace
#0 [internal function]: Phalcon\Mvc\Dispatcher->_throwDispatchException('workManagiment\...', 2)
#1 [internal function]: Phalcon\Dispatcher->dispatch()
#2 C:\xampp\htdocs\workManagiment\public\index.php(57): Phalcon\Mvc\Application->handle()
#3 {main}
[Fri, 10 Jul 15 04:09:21 +0200][ERROR] workManagiment\Frontend\Controllers\DistController handler class cannot be loaded [C:\xampp\htdocs\workManagiment\public\index.php(57)]
Started Trace
#0 [internal function]: Phalcon\Mvc\Dispatcher->_throwDispatchException('workManagiment\...', 2)
#1 [internal function]: Phalcon\Dispatcher->dispatch()
#2 C:\xampp\htdocs\workManagiment\public\index.php(57): Phalcon\Mvc\Application->handle()
#3 {main}
[Fri, 10 Jul 15 04:09:22 +0200][ERROR] workManagiment\Frontend\Controllers\DistController handler class cannot be loaded [C:\xampp\htdocs\workManagiment\public\index.php(57)]
Started Trace
#0 [internal function]: Phalcon\Mvc\Dispatcher->_throwDispatchException('workManagiment\...', 2)
#1 [internal function]: Phalcon\Dispatcher->dispatch()
#2 C:\xampp\htdocs\workManagiment\public\index.php(57): Phalcon\Mvc\Application->handle()
#3 {main}
[Fri, 10 Jul 15 04:09:22 +0200][ERROR] workManagiment\Frontend\Controllers\DistController handler class cannot be loaded [C:\xampp\htdocs\workManagiment\public\index.php(57)]
Started Trace
#0 [internal function]: Phalcon\Mvc\Dispatcher->_throwDispatchException('workManagiment\...', 2)
#1 [internal function]: Phalcon\Dispatcher->dispatch()
#2 C:\xampp\htdocs\workManagiment\public\index.php(57): Phalcon\Mvc\Application->handle()
#3 {main}
[Fri, 10 Jul 15 04:09:22 +0200][ERROR] workManagiment\Frontend\Controllers\DistController handler class cannot be loaded [C:\xampp\htdocs\workManagiment\public\index.php(57)]
Started Trace
#0 [internal function]: Phalcon\Mvc\Dispatcher->_throwDispatchException('workManagiment\...', 2)
#1 [internal function]: Phalcon\Dispatcher->dispatch()
#2 C:\xampp\htdocs\workManagiment\public\index.php(57): Phalcon\Mvc\Application->handle()
#3 {main}
