[Wed, 15 Jul 15 03:34:26 +0200][ERROR] workManagiment\Frontend\Controllers\CommonController handler class cannot be loaded [C:\xampp\htdocs\workManagiment\public\index.php(67)]
Started Trace
#0 [internal function]: Phalcon\Mvc\Dispatcher->_throwDispatchException('workManagiment\\...', 2)
#1 [internal function]: Phalcon\Dispatcher->dispatch()
#2 C:\xampp\htdocs\workManagiment\public\index.php(67): Phalcon\Mvc\Application->handle()
#3 {main}
[Wed, 15 Jul 15 03:34:28 +0200][ERROR] Module definition path 'C:\xampp\htdocs\workManagiment\config/../apps/dashboard/Module.php' doesn't exist [C:\xampp\htdocs\workManagiment\public\index.php(67)]
Started Trace
#0 C:\xampp\htdocs\workManagiment\public\index.php(67): Phalcon\Mvc\Application->handle()
#1 {main}
[Wed, 15 Jul 15 03:34:44 +0200][ERROR] Module definition path 'C:\xampp\htdocs\workManagiment\config/../apps/dashboard/Module.php' doesn't exist [C:\xampp\htdocs\workManagiment\public\index.php(67)]
Started Trace
#0 C:\xampp\htdocs\workManagiment\public\index.php(67): Phalcon\Mvc\Application->handle()
#1 {main}
[Wed, 15 Jul 15 03:36:34 +0200][ERROR] workManagiment\Frontend\Controllers\ImgController handler class cannot be loaded [C:\xampp\htdocs\workManagiment\public\index.php(67)]
Started Trace
#0 [internal function]: Phalcon\Mvc\Dispatcher->_throwDispatchException('workManagiment\\...', 2)
#1 [internal function]: Phalcon\Dispatcher->dispatch()
#2 C:\xampp\htdocs\workManagiment\public\index.php(67): Phalcon\Mvc\Application->handle()
#3 {main}
[Wed, 15 Jul 15 03:36:34 +0200][ERROR] workManagiment\Frontend\Controllers\ImgController handler class cannot be loaded [C:\xampp\htdocs\workManagiment\public\index.php(67)]
Started Trace
#0 [internal function]: Phalcon\Mvc\Dispatcher->_throwDispatchException('workManagiment\\...', 2)
#1 [internal function]: Phalcon\Dispatcher->dispatch()
#2 C:\xampp\htdocs\workManagiment\public\index.php(67): Phalcon\Mvc\Application->handle()
#3 {main}
