[Sun, 12 Jul 15 16:59:59 +0200][ERROR] workManagiment\Frontend\Controllers\PluginsController handler class cannot be loaded [C:\xampp\htdocs\workManagiment\public\index.php(57)]
Started Trace
#0 [internal function]: Phalcon\Mvc\Dispatcher->_throwDispatchException('workManagiment\...', 2)
#1 [internal function]: Phalcon\Dispatcher->dispatch()
#2 C:\xampp\htdocs\workManagiment\public\index.php(57): Phalcon\Mvc\Application->handle()
#3 {main}
[Sun, 12 Jul 15 16:59:59 +0200][ERROR] workManagiment\Frontend\Controllers\PluginsController handler class cannot be loaded [C:\xampp\htdocs\workManagiment\public\index.php(57)]
Started Trace
#0 [internal function]: Phalcon\Mvc\Dispatcher->_throwDispatchException('workManagiment\...', 2)
#1 [internal function]: Phalcon\Dispatcher->dispatch()
#2 C:\xampp\htdocs\workManagiment\public\index.php(57): Phalcon\Mvc\Application->handle()
#3 {main}
[Sun, 12 Jul 15 16:59:59 +0200][ERROR] workManagiment\Frontend\Controllers\BootstrapController handler class cannot be loaded [C:\xampp\htdocs\workManagiment\public\index.php(57)]
Started Trace
#0 [internal function]: Phalcon\Mvc\Dispatcher->_throwDispatchException('workManagiment\...', 2)
#1 [internal function]: Phalcon\Dispatcher->dispatch()
#2 C:\xampp\htdocs\workManagiment\public\index.php(57): Phalcon\Mvc\Application->handle()
#3 {main}
[Sun, 12 Jul 15 17:00:09 +0200][ERROR] workManagiment\Frontend\Controllers\CommonController handler class cannot be loaded [C:\xampp\htdocs\workManagiment\public\index.php(57)]
Started Trace
#0 [internal function]: Phalcon\Mvc\Dispatcher->_throwDispatchException('workManagiment\...', 2)
#1 [internal function]: Phalcon\Dispatcher->dispatch()
#2 C:\xampp\htdocs\workManagiment\public\index.php(57): Phalcon\Mvc\Application->handle()
#3 {main}
[Sun, 12 Jul 15 17:00:14 +0200][ERROR] Action 'common' was not found on handler 'index' [C:\xampp\htdocs\workManagiment\public\index.php(57)]
Started Trace
#0 [internal function]: Phalcon\Mvc\Dispatcher->_throwDispatchException('Action 'common'...', 5)
#1 [internal function]: Phalcon\Dispatcher->dispatch()
#2 C:\xampp\htdocs\workManagiment\public\index.php(57): Phalcon\Mvc\Application->handle()
#3 {main}
[Sun, 12 Jul 15 17:00:14 +0200][ERROR] workManagiment\Frontend\Controllers\JsController handler class cannot be loaded [C:\xampp\htdocs\workManagiment\public\index.php(57)]
Started Trace
#0 [internal function]: Phalcon\Mvc\Dispatcher->_throwDispatchException('workManagiment\...', 2)
#1 [internal function]: Phalcon\Dispatcher->dispatch()
#2 C:\xampp\htdocs\workManagiment\public\index.php(57): Phalcon\Mvc\Application->handle()
#3 {main}
[Sun, 12 Jul 15 17:09:23 +0200][ERROR] workManagiment\Frontend\Controllers\JsController handler class cannot be loaded [C:\xampp\htdocs\workManagiment\public\index.php(57)]
Started Trace
#0 [internal function]: Phalcon\Mvc\Dispatcher->_throwDispatchException('workManagiment\...', 2)
#1 [internal function]: Phalcon\Dispatcher->dispatch()
#2 C:\xampp\htdocs\workManagiment\public\index.php(57): Phalcon\Mvc\Application->handle()
#3 {main}
[Sun, 12 Jul 15 17:09:23 +0200][ERROR] Action 'common' was not found on handler 'index' [C:\xampp\htdocs\workManagiment\public\index.php(57)]
Started Trace
#0 [internal function]: Phalcon\Mvc\Dispatcher->_throwDispatchException('Action 'common'...', 5)
#1 [internal function]: Phalcon\Dispatcher->dispatch()
#2 C:\xampp\htdocs\workManagiment\public\index.php(57): Phalcon\Mvc\Application->handle()
#3 {main}
[Sun, 12 Jul 15 17:09:34 +0200][ERROR] Action 'searchlist' was not found on handler 'index' [C:\xampp\htdocs\workManagiment\public\index.php(57)]
Started Trace
#0 [internal function]: Phalcon\Mvc\Dispatcher->_throwDispatchException('Action 'searchl...', 5)
#1 [internal function]: Phalcon\Dispatcher->dispatch()
#2 C:\xampp\htdocs\workManagiment\public\index.php(57): Phalcon\Mvc\Application->handle()
#3 {main}
[Sun, 12 Jul 15 17:09:39 +0200][ERROR] Action 'common' was not found on handler 'index' [C:\xampp\htdocs\workManagiment\public\index.php(57)]
Started Trace
#0 [internal function]: Phalcon\Mvc\Dispatcher->_throwDispatchException('Action 'common'...', 5)
#1 [internal function]: Phalcon\Dispatcher->dispatch()
#2 C:\xampp\htdocs\workManagiment\public\index.php(57): Phalcon\Mvc\Application->handle()
#3 {main}
[Sun, 12 Jul 15 17:10:31 +0200][ERROR] Action 'searchlist' was not found on handler 'index' [C:\xampp\htdocs\workManagiment\public\index.php(57)]
Started Trace
#0 [internal function]: Phalcon\Mvc\Dispatcher->_throwDispatchException('Action 'searchl...', 5)
#1 [internal function]: Phalcon\Dispatcher->dispatch()
#2 C:\xampp\htdocs\workManagiment\public\index.php(57): Phalcon\Mvc\Application->handle()
#3 {main}
[Sun, 12 Jul 15 17:10:37 +0200][ERROR] Action 'common' was not found on handler 'index' [C:\xampp\htdocs\workManagiment\public\index.php(57)]
Started Trace
#0 [internal function]: Phalcon\Mvc\Dispatcher->_throwDispatchException('Action 'common'...', 5)
#1 [internal function]: Phalcon\Dispatcher->dispatch()
#2 C:\xampp\htdocs\workManagiment\public\index.php(57): Phalcon\Mvc\Application->handle()
#3 {main}
[Sun, 12 Jul 15 17:10:57 +0200][ERROR] Action 'searchlist' was not found on handler 'index' [C:\xampp\htdocs\workManagiment\public\index.php(57)]
Started Trace
#0 [internal function]: Phalcon\Mvc\Dispatcher->_throwDispatchException('Action 'searchl...', 5)
#1 [internal function]: Phalcon\Dispatcher->dispatch()
#2 C:\xampp\htdocs\workManagiment\public\index.php(57): Phalcon\Mvc\Application->handle()
#3 {main}
[Sun, 12 Jul 15 17:11:00 +0200][ERROR] Action 'common' was not found on handler 'index' [C:\xampp\htdocs\workManagiment\public\index.php(57)]
Started Trace
#0 [internal function]: Phalcon\Mvc\Dispatcher->_throwDispatchException('Action 'common'...', 5)
#1 [internal function]: Phalcon\Dispatcher->dispatch()
#2 C:\xampp\htdocs\workManagiment\public\index.php(57): Phalcon\Mvc\Application->handle()
#3 {main}
[Sun, 12 Jul 15 17:12:10 +0200][ERROR] workManagiment\Frontend\Controllers\JsController handler class cannot be loaded [C:\xampp\htdocs\workManagiment\public\index.php(57)]
Started Trace
#0 [internal function]: Phalcon\Mvc\Dispatcher->_throwDispatchException('workManagiment\...', 2)
#1 [internal function]: Phalcon\Dispatcher->dispatch()
#2 C:\xampp\htdocs\workManagiment\public\index.php(57): Phalcon\Mvc\Application->handle()
#3 {main}
[Sun, 12 Jul 15 17:12:10 +0200][ERROR] Action 'common' was not found on handler 'index' [C:\xampp\htdocs\workManagiment\public\index.php(57)]
Started Trace
#0 [internal function]: Phalcon\Mvc\Dispatcher->_throwDispatchException('Action 'common'...', 5)
#1 [internal function]: Phalcon\Dispatcher->dispatch()
#2 C:\xampp\htdocs\workManagiment\public\index.php(57): Phalcon\Mvc\Application->handle()
#3 {main}
[Sun, 12 Jul 15 17:12:18 +0200][ERROR] workManagiment\Frontend\Controllers\JsController handler class cannot be loaded [C:\xampp\htdocs\workManagiment\public\index.php(57)]
Started Trace
#0 [internal function]: Phalcon\Mvc\Dispatcher->_throwDispatchException('workManagiment\...', 2)
#1 [internal function]: Phalcon\Dispatcher->dispatch()
#2 C:\xampp\htdocs\workManagiment\public\index.php(57): Phalcon\Mvc\Application->handle()
#3 {main}
[Sun, 12 Jul 15 17:12:18 +0200][ERROR] Action 'common' was not found on handler 'index' [C:\xampp\htdocs\workManagiment\public\index.php(57)]
Started Trace
#0 [internal function]: Phalcon\Mvc\Dispatcher->_throwDispatchException('Action 'common'...', 5)
#1 [internal function]: Phalcon\Dispatcher->dispatch()
#2 C:\xampp\htdocs\workManagiment\public\index.php(57): Phalcon\Mvc\Application->handle()
#3 {main}
[Sun, 12 Jul 15 17:26:41 +0200][ERROR] workManagiment\Frontend\Controllers\JsController handler class cannot be loaded [C:\xampp\htdocs\workManagiment\public\index.php(57)]
Started Trace
#0 [internal function]: Phalcon\Mvc\Dispatcher->_throwDispatchException('workManagiment\...', 2)
#1 [internal function]: Phalcon\Dispatcher->dispatch()
#2 C:\xampp\htdocs\workManagiment\public\index.php(57): Phalcon\Mvc\Application->handle()
#3 {main}
[Sun, 12 Jul 15 17:26:41 +0200][ERROR] Action 'common' was not found on handler 'index' [C:\xampp\htdocs\workManagiment\public\index.php(57)]
Started Trace
#0 [internal function]: Phalcon\Mvc\Dispatcher->_throwDispatchException('Action 'common'...', 5)
#1 [internal function]: Phalcon\Dispatcher->dispatch()
#2 C:\xampp\htdocs\workManagiment\public\index.php(57): Phalcon\Mvc\Application->handle()
#3 {main}
[Sun, 12 Jul 15 17:26:52 +0200][ERROR] Action 'common' was not found on handler 'index' [C:\xampp\htdocs\workManagiment\public\index.php(57)]
Started Trace
#0 [internal function]: Phalcon\Mvc\Dispatcher->_throwDispatchException('Action 'common'...', 5)
#1 [internal function]: Phalcon\Dispatcher->dispatch()
#2 C:\xampp\htdocs\workManagiment\public\index.php(57): Phalcon\Mvc\Application->handle()
#3 {main}
[Sun, 12 Jul 15 17:26:52 +0200][ERROR] workManagiment\Frontend\Controllers\JsController handler class cannot be loaded [C:\xampp\htdocs\workManagiment\public\index.php(57)]
Started Trace
#0 [internal function]: Phalcon\Mvc\Dispatcher->_throwDispatchException('workManagiment\...', 2)
#1 [internal function]: Phalcon\Dispatcher->dispatch()
#2 C:\xampp\htdocs\workManagiment\public\index.php(57): Phalcon\Mvc\Application->handle()
#3 {main}
[Sun, 12 Jul 15 17:26:57 +0200][ERROR] Action 'attendancelist' was not found on handler 'index' [C:\xampp\htdocs\workManagiment\public\index.php(57)]
Started Trace
#0 [internal function]: Phalcon\Mvc\Dispatcher->_throwDispatchException('Action 'attenda...', 5)
#1 [internal function]: Phalcon\Dispatcher->dispatch()
#2 C:\xampp\htdocs\workManagiment\public\index.php(57): Phalcon\Mvc\Application->handle()
#3 {main}
[Sun, 12 Jul 15 17:27:02 +0200][ERROR] Action 'common' was not found on handler 'index' [C:\xampp\htdocs\workManagiment\public\index.php(57)]
Started Trace
#0 [internal function]: Phalcon\Mvc\Dispatcher->_throwDispatchException('Action 'common'...', 5)
#1 [internal function]: Phalcon\Dispatcher->dispatch()
#2 C:\xampp\htdocs\workManagiment\public\index.php(57): Phalcon\Mvc\Application->handle()
#3 {main}
[Sun, 12 Jul 15 17:27:06 +0200][ERROR] Action 'attendancelist' was not found on handler 'index' [C:\xampp\htdocs\workManagiment\public\index.php(57)]
Started Trace
#0 [internal function]: Phalcon\Mvc\Dispatcher->_throwDispatchException('Action 'attenda...', 5)
#1 [internal function]: Phalcon\Dispatcher->dispatch()
#2 C:\xampp\htdocs\workManagiment\public\index.php(57): Phalcon\Mvc\Application->handle()
#3 {main}
[Sun, 12 Jul 15 17:27:08 +0200][ERROR] Action 'common' was not found on handler 'index' [C:\xampp\htdocs\workManagiment\public\index.php(57)]
Started Trace
#0 [internal function]: Phalcon\Mvc\Dispatcher->_throwDispatchException('Action 'common'...', 5)
#1 [internal function]: Phalcon\Dispatcher->dispatch()
#2 C:\xampp\htdocs\workManagiment\public\index.php(57): Phalcon\Mvc\Application->handle()
#3 {main}
[Sun, 12 Jul 15 17:27:12 +0200][ERROR] Action 'common' was not found on handler 'index' [C:\xampp\htdocs\workManagiment\public\index.php(57)]
Started Trace
#0 [internal function]: Phalcon\Mvc\Dispatcher->_throwDispatchException('Action 'common'...', 5)
#1 [internal function]: Phalcon\Dispatcher->dispatch()
#2 C:\xampp\htdocs\workManagiment\public\index.php(57): Phalcon\Mvc\Application->handle()
#3 {main}
[Sun, 12 Jul 15 17:27:17 +0200][ERROR] Action 'common' was not found on handler 'index' [C:\xampp\htdocs\workManagiment\public\index.php(57)]
Started Trace
#0 [internal function]: Phalcon\Mvc\Dispatcher->_throwDispatchException('Action 'common'...', 5)
#1 [internal function]: Phalcon\Dispatcher->dispatch()
#2 C:\xampp\htdocs\workManagiment\public\index.php(57): Phalcon\Mvc\Application->handle()
#3 {main}
[Sun, 12 Jul 15 17:27:43 +0200][ERROR] Action 'common' was not found on handler 'index' [C:\xampp\htdocs\workManagiment\public\index.php(57)]
Started Trace
#0 [internal function]: Phalcon\Mvc\Dispatcher->_throwDispatchException('Action 'common'...', 5)
#1 [internal function]: Phalcon\Dispatcher->dispatch()
#2 C:\xampp\htdocs\workManagiment\public\index.php(57): Phalcon\Mvc\Application->handle()
#3 {main}
[Sun, 12 Jul 15 17:27:43 +0200][ERROR] workManagiment\Frontend\Controllers\JsController handler class cannot be loaded [C:\xampp\htdocs\workManagiment\public\index.php(57)]
Started Trace
#0 [internal function]: Phalcon\Mvc\Dispatcher->_throwDispatchException('workManagiment\...', 2)
#1 [internal function]: Phalcon\Dispatcher->dispatch()
#2 C:\xampp\htdocs\workManagiment\public\index.php(57): Phalcon\Mvc\Application->handle()
#3 {main}
[Sun, 12 Jul 15 17:28:10 +0200][ERROR] workManagiment\Frontend\Controllers\JsController handler class cannot be loaded [C:\xampp\htdocs\workManagiment\public\index.php(57)]
Started Trace
#0 [internal function]: Phalcon\Mvc\Dispatcher->_throwDispatchException('workManagiment\...', 2)
#1 [internal function]: Phalcon\Dispatcher->dispatch()
#2 C:\xampp\htdocs\workManagiment\public\index.php(57): Phalcon\Mvc\Application->handle()
#3 {main}
[Sun, 12 Jul 15 17:28:10 +0200][ERROR] Action 'common' was not found on handler 'index' [C:\xampp\htdocs\workManagiment\public\index.php(57)]
Started Trace
#0 [internal function]: Phalcon\Mvc\Dispatcher->_throwDispatchException('Action 'common'...', 5)
#1 [internal function]: Phalcon\Dispatcher->dispatch()
#2 C:\xampp\htdocs\workManagiment\public\index.php(57): Phalcon\Mvc\Application->handle()
#3 {main}
[Sun, 12 Jul 15 17:28:10 +0200][ERROR] Action 'common' was not found on handler 'index' [C:\xampp\htdocs\workManagiment\public\index.php(57)]
Started Trace
#0 [internal function]: Phalcon\Mvc\Dispatcher->_throwDispatchException('Action 'common'...', 5)
#1 [internal function]: Phalcon\Dispatcher->dispatch()
#2 C:\xampp\htdocs\workManagiment\public\index.php(57): Phalcon\Mvc\Application->handle()
#3 {main}
[Sun, 12 Jul 15 17:28:15 +0200][ERROR] workManagiment\Frontend\Controllers\JsController handler class cannot be loaded [C:\xampp\htdocs\workManagiment\public\index.php(57)]
Started Trace
#0 [internal function]: Phalcon\Mvc\Dispatcher->_throwDispatchException('workManagiment\...', 2)
#1 [internal function]: Phalcon\Dispatcher->dispatch()
#2 C:\xampp\htdocs\workManagiment\public\index.php(57): Phalcon\Mvc\Application->handle()
#3 {main}
[Sun, 12 Jul 15 17:28:15 +0200][ERROR] Action 'common' was not found on handler 'index' [C:\xampp\htdocs\workManagiment\public\index.php(57)]
Started Trace
#0 [internal function]: Phalcon\Mvc\Dispatcher->_throwDispatchException('Action 'common'...', 5)
#1 [internal function]: Phalcon\Dispatcher->dispatch()
#2 C:\xampp\htdocs\workManagiment\public\index.php(57): Phalcon\Mvc\Application->handle()
#3 {main}
[Sun, 12 Jul 15 17:28:18 +0200][ERROR] Action 'attendancelist' was not found on handler 'index' [C:\xampp\htdocs\workManagiment\public\index.php(57)]
Started Trace
#0 [internal function]: Phalcon\Mvc\Dispatcher->_throwDispatchException('Action 'attenda...', 5)
#1 [internal function]: Phalcon\Dispatcher->dispatch()
#2 C:\xampp\htdocs\workManagiment\public\index.php(57): Phalcon\Mvc\Application->handle()
#3 {main}
[Sun, 12 Jul 15 17:28:27 +0200][ERROR] Action 'common' was not found on handler 'index' [C:\xampp\htdocs\workManagiment\public\index.php(57)]
Started Trace
#0 [internal function]: Phalcon\Mvc\Dispatcher->_throwDispatchException('Action 'common'...', 5)
#1 [internal function]: Phalcon\Dispatcher->dispatch()
#2 C:\xampp\htdocs\workManagiment\public\index.php(57): Phalcon\Mvc\Application->handle()
#3 {main}
[Sun, 12 Jul 15 17:29:50 +0200][ERROR] workManagiment\Frontend\Controllers\JsController handler class cannot be loaded [C:\xampp\htdocs\workManagiment\public\index.php(57)]
Started Trace
#0 [internal function]: Phalcon\Mvc\Dispatcher->_throwDispatchException('workManagiment\...', 2)
#1 [internal function]: Phalcon\Dispatcher->dispatch()
#2 C:\xampp\htdocs\workManagiment\public\index.php(57): Phalcon\Mvc\Application->handle()
#3 {main}
[Sun, 12 Jul 15 17:29:51 +0200][ERROR] Action 'common' was not found on handler 'index' [C:\xampp\htdocs\workManagiment\public\index.php(57)]
Started Trace
#0 [internal function]: Phalcon\Mvc\Dispatcher->_throwDispatchException('Action 'common'...', 5)
#1 [internal function]: Phalcon\Dispatcher->dispatch()
#2 C:\xampp\htdocs\workManagiment\public\index.php(57): Phalcon\Mvc\Application->handle()
#3 {main}
[Sun, 12 Jul 15 17:29:59 +0200][ERROR] Action 'attendancelist' was not found on handler 'index' [C:\xampp\htdocs\workManagiment\public\index.php(57)]
Started Trace
#0 [internal function]: Phalcon\Mvc\Dispatcher->_throwDispatchException('Action 'attenda...', 5)
#1 [internal function]: Phalcon\Dispatcher->dispatch()
#2 C:\xampp\htdocs\workManagiment\public\index.php(57): Phalcon\Mvc\Application->handle()
#3 {main}
[Sun, 12 Jul 15 17:30:53 +0200][ERROR] Action 'common' was not found on handler 'index' [C:\xampp\htdocs\workManagiment\public\index.php(57)]
Started Trace
#0 [internal function]: Phalcon\Mvc\Dispatcher->_throwDispatchException('Action 'common'...', 5)
#1 [internal function]: Phalcon\Dispatcher->dispatch()
#2 C:\xampp\htdocs\workManagiment\public\index.php(57): Phalcon\Mvc\Application->handle()
#3 {main}
[Sun, 12 Jul 15 17:31:42 +0200][ERROR] Action 'common' was not found on handler 'index' [C:\xampp\htdocs\workManagiment\public\index.php(57)]
Started Trace
#0 [internal function]: Phalcon\Mvc\Dispatcher->_throwDispatchException('Action 'common'...', 5)
#1 [internal function]: Phalcon\Dispatcher->dispatch()
#2 C:\xampp\htdocs\workManagiment\public\index.php(57): Phalcon\Mvc\Application->handle()
#3 {main}
[Sun, 12 Jul 15 17:31:42 +0200][ERROR] workManagiment\Frontend\Controllers\JsController handler class cannot be loaded [C:\xampp\htdocs\workManagiment\public\index.php(57)]
Started Trace
#0 [internal function]: Phalcon\Mvc\Dispatcher->_throwDispatchException('workManagiment\...', 2)
#1 [internal function]: Phalcon\Dispatcher->dispatch()
#2 C:\xampp\htdocs\workManagiment\public\index.php(57): Phalcon\Mvc\Application->handle()
#3 {main}
[Sun, 12 Jul 15 17:32:22 +0200][ERROR] workManagiment\Frontend\Controllers\JsController handler class cannot be loaded [C:\xampp\htdocs\workManagiment\public\index.php(57)]
Started Trace
#0 [internal function]: Phalcon\Mvc\Dispatcher->_throwDispatchException('workManagiment\...', 2)
#1 [internal function]: Phalcon\Dispatcher->dispatch()
#2 C:\xampp\htdocs\workManagiment\public\index.php(57): Phalcon\Mvc\Application->handle()
#3 {main}
[Sun, 12 Jul 15 17:32:22 +0200][ERROR] Action 'common' was not found on handler 'index' [C:\xampp\htdocs\workManagiment\public\index.php(57)]
Started Trace
#0 [internal function]: Phalcon\Mvc\Dispatcher->_throwDispatchException('Action 'common'...', 5)
#1 [internal function]: Phalcon\Dispatcher->dispatch()
#2 C:\xampp\htdocs\workManagiment\public\index.php(57): Phalcon\Mvc\Application->handle()
#3 {main}
[Sun, 12 Jul 15 17:32:26 +0200][ERROR] Action 'monthlylist' was not found on handler 'index' [C:\xampp\htdocs\workManagiment\public\index.php(57)]
Started Trace
#0 [internal function]: Phalcon\Mvc\Dispatcher->_throwDispatchException('Action 'monthly...', 5)
#1 [internal function]: Phalcon\Dispatcher->dispatch()
#2 C:\xampp\htdocs\workManagiment\public\index.php(57): Phalcon\Mvc\Application->handle()
#3 {main}
[Sun, 12 Jul 15 17:32:29 +0200][ERROR] Action 'common' was not found on handler 'index' [C:\xampp\htdocs\workManagiment\public\index.php(57)]
Started Trace
#0 [internal function]: Phalcon\Mvc\Dispatcher->_throwDispatchException('Action 'common'...', 5)
#1 [internal function]: Phalcon\Dispatcher->dispatch()
#2 C:\xampp\htdocs\workManagiment\public\index.php(57): Phalcon\Mvc\Application->handle()
#3 {main}
[Sun, 12 Jul 15 17:32:36 +0200][ERROR] Action 'common' was not found on handler 'index' [C:\xampp\htdocs\workManagiment\public\index.php(57)]
Started Trace
#0 [internal function]: Phalcon\Mvc\Dispatcher->_throwDispatchException('Action 'common'...', 5)
#1 [internal function]: Phalcon\Dispatcher->dispatch()
#2 C:\xampp\htdocs\workManagiment\public\index.php(57): Phalcon\Mvc\Application->handle()
#3 {main}
[Sun, 12 Jul 15 17:32:36 +0200][ERROR] workManagiment\Frontend\Controllers\JsController handler class cannot be loaded [C:\xampp\htdocs\workManagiment\public\index.php(57)]
Started Trace
#0 [internal function]: Phalcon\Mvc\Dispatcher->_throwDispatchException('workManagiment\...', 2)
#1 [internal function]: Phalcon\Dispatcher->dispatch()
#2 C:\xampp\htdocs\workManagiment\public\index.php(57): Phalcon\Mvc\Application->handle()
#3 {main}
[Sun, 12 Jul 15 17:39:22 +0200][ERROR] workManagiment\Frontend\Controllers\JsController handler class cannot be loaded [C:\xampp\htdocs\workManagiment\public\index.php(57)]
Started Trace
#0 [internal function]: Phalcon\Mvc\Dispatcher->_throwDispatchException('workManagiment\...', 2)
#1 [internal function]: Phalcon\Dispatcher->dispatch()
#2 C:\xampp\htdocs\workManagiment\public\index.php(57): Phalcon\Mvc\Application->handle()
#3 {main}
[Sun, 12 Jul 15 17:39:22 +0200][ERROR] Action 'common' was not found on handler 'index' [C:\xampp\htdocs\workManagiment\public\index.php(57)]
Started Trace
#0 [internal function]: Phalcon\Mvc\Dispatcher->_throwDispatchException('Action 'common'...', 5)
#1 [internal function]: Phalcon\Dispatcher->dispatch()
#2 C:\xampp\htdocs\workManagiment\public\index.php(57): Phalcon\Mvc\Application->handle()
#3 {main}
[Sun, 12 Jul 15 17:41:50 +0200][ERROR] workManagiment\Frontend\Controllers\JsController handler class cannot be loaded [C:\xampp\htdocs\workManagiment\public\index.php(57)]
Started Trace
#0 [internal function]: Phalcon\Mvc\Dispatcher->_throwDispatchException('workManagiment\...', 2)
#1 [internal function]: Phalcon\Dispatcher->dispatch()
#2 C:\xampp\htdocs\workManagiment\public\index.php(57): Phalcon\Mvc\Application->handle()
#3 {main}
[Sun, 12 Jul 15 17:41:50 +0200][ERROR] Action 'common' was not found on handler 'index' [C:\xampp\htdocs\workManagiment\public\index.php(57)]
Started Trace
#0 [internal function]: Phalcon\Mvc\Dispatcher->_throwDispatchException('Action 'common'...', 5)
#1 [internal function]: Phalcon\Dispatcher->dispatch()
#2 C:\xampp\htdocs\workManagiment\public\index.php(57): Phalcon\Mvc\Application->handle()
#3 {main}
[Sun, 12 Jul 15 17:44:21 +0200][ERROR] workManagiment\Frontend\Controllers\JsController handler class cannot be loaded [C:\xampp\htdocs\workManagiment\public\index.php(57)]
Started Trace
#0 [internal function]: Phalcon\Mvc\Dispatcher->_throwDispatchException('workManagiment\...', 2)
#1 [internal function]: Phalcon\Dispatcher->dispatch()
#2 C:\xampp\htdocs\workManagiment\public\index.php(57): Phalcon\Mvc\Application->handle()
#3 {main}
[Sun, 12 Jul 15 17:44:21 +0200][ERROR] Action 'common' was not found on handler 'index' [C:\xampp\htdocs\workManagiment\public\index.php(57)]
Started Trace
#0 [internal function]: Phalcon\Mvc\Dispatcher->_throwDispatchException('Action 'common'...', 5)
#1 [internal function]: Phalcon\Dispatcher->dispatch()
#2 C:\xampp\htdocs\workManagiment\public\index.php(57): Phalcon\Mvc\Application->handle()
#3 {main}
[Sun, 12 Jul 15 17:44:26 +0200][ERROR] workManagiment\Frontend\Controllers\JsController handler class cannot be loaded [C:\xampp\htdocs\workManagiment\public\index.php(57)]
Started Trace
#0 [internal function]: Phalcon\Mvc\Dispatcher->_throwDispatchException('workManagiment\...', 2)
#1 [internal function]: Phalcon\Dispatcher->dispatch()
#2 C:\xampp\htdocs\workManagiment\public\index.php(57): Phalcon\Mvc\Application->handle()
#3 {main}
[Sun, 12 Jul 15 17:44:26 +0200][ERROR] Action 'common' was not found on handler 'index' [C:\xampp\htdocs\workManagiment\public\index.php(57)]
Started Trace
#0 [internal function]: Phalcon\Mvc\Dispatcher->_throwDispatchException('Action 'common'...', 5)
#1 [internal function]: Phalcon\Dispatcher->dispatch()
#2 C:\xampp\htdocs\workManagiment\public\index.php(57): Phalcon\Mvc\Application->handle()
#3 {main}
[Sun, 12 Jul 15 17:44:39 +0200][ERROR] Action 'common' was not found on handler 'index' [C:\xampp\htdocs\workManagiment\public\index.php(57)]
Started Trace
#0 [internal function]: Phalcon\Mvc\Dispatcher->_throwDispatchException('Action 'common'...', 5)
#1 [internal function]: Phalcon\Dispatcher->dispatch()
#2 C:\xampp\htdocs\workManagiment\public\index.php(57): Phalcon\Mvc\Application->handle()
#3 {main}
[Sun, 12 Jul 15 17:44:39 +0200][ERROR] workManagiment\Frontend\Controllers\JsController handler class cannot be loaded [C:\xampp\htdocs\workManagiment\public\index.php(57)]
Started Trace
#0 [internal function]: Phalcon\Mvc\Dispatcher->_throwDispatchException('workManagiment\...', 2)
#1 [internal function]: Phalcon\Dispatcher->dispatch()
#2 C:\xampp\htdocs\workManagiment\public\index.php(57): Phalcon\Mvc\Application->handle()
#3 {main}
[Sun, 12 Jul 15 17:44:46 +0200][ERROR] Action 'common' was not found on handler 'index' [C:\xampp\htdocs\workManagiment\public\index.php(57)]
Started Trace
#0 [internal function]: Phalcon\Mvc\Dispatcher->_throwDispatchException('Action 'common'...', 5)
#1 [internal function]: Phalcon\Dispatcher->dispatch()
#2 C:\xampp\htdocs\workManagiment\public\index.php(57): Phalcon\Mvc\Application->handle()
#3 {main}
[Sun, 12 Jul 15 17:46:36 +0200][ERROR] workManagiment\Frontend\Controllers\JsController handler class cannot be loaded [C:\xampp\htdocs\workManagiment\public\index.php(57)]
Started Trace
#0 [internal function]: Phalcon\Mvc\Dispatcher->_throwDispatchException('workManagiment\...', 2)
#1 [internal function]: Phalcon\Dispatcher->dispatch()
#2 C:\xampp\htdocs\workManagiment\public\index.php(57): Phalcon\Mvc\Application->handle()
#3 {main}
[Sun, 12 Jul 15 17:47:02 +0200][ERROR] workManagiment\Frontend\Controllers\JsController handler class cannot be loaded [C:\xampp\htdocs\workManagiment\public\index.php(57)]
Started Trace
#0 [internal function]: Phalcon\Mvc\Dispatcher->_throwDispatchException('workManagiment\...', 2)
#1 [internal function]: Phalcon\Dispatcher->dispatch()
#2 C:\xampp\htdocs\workManagiment\public\index.php(57): Phalcon\Mvc\Application->handle()
#3 {main}
