[Sat, 04 Jul 15 13:18:03 +0200][ERROR] Workmanagements\Frontend\Controllers\SignupController handler class cannot be loaded [C:\xampp\htdocs\workmanagements\public\index.php(57)]
Started Trace
#0 [internal function]: Phalcon\Mvc\Dispatcher->_throwDispatchException('Workmanagements...', 2)
#1 [internal function]: Phalcon\Dispatcher->dispatch()
#2 C:\xampp\htdocs\workmanagements\public\index.php(57): Phalcon\Mvc\Application->handle()
#3 {main}
[Sat, 04 Jul 15 13:19:50 +0200][ERROR] Workmanagements\Frontend\Controllers\SignupController handler class cannot be loaded [C:\xampp\htdocs\workmanagements\public\index.php(57)]
Started Trace
#0 [internal function]: Phalcon\Mvc\Dispatcher->_throwDispatchException('Workmanagements...', 2)
#1 [internal function]: Phalcon\Dispatcher->dispatch()
#2 C:\xampp\htdocs\workmanagements\public\index.php(57): Phalcon\Mvc\Application->handle()
#3 {main}
[Sat, 04 Jul 15 13:20:56 +0200][ERROR] Workmanagements\Frontend\Controllers\SignupController handler class cannot be loaded [C:\xampp\htdocs\workmanagements\public\index.php(57)]
Started Trace
#0 [internal function]: Phalcon\Mvc\Dispatcher->_throwDispatchException('Workmanagements...', 2)
#1 [internal function]: Phalcon\Dispatcher->dispatch()
#2 C:\xampp\htdocs\workmanagements\public\index.php(57): Phalcon\Mvc\Application->handle()
#3 {main}
[Sat, 04 Jul 15 13:52:36 +0200][ERROR] Workmanagements\Frontend\Controllers\SingupController handler class cannot be loaded [C:\xampp\htdocs\workmanagements\public\index.php(57)]
Started Trace
#0 [internal function]: Phalcon\Mvc\Dispatcher->_throwDispatchException('Workmanagements...', 2)
#1 [internal function]: Phalcon\Dispatcher->dispatch()
#2 C:\xampp\htdocs\workmanagements\public\index.php(57): Phalcon\Mvc\Application->handle()
#3 {main}
[Sat, 04 Jul 15 13:53:27 +0200][ERROR] Workmanagements\Frontend\Controllers\SignupController handler class cannot be loaded [C:\xampp\htdocs\workmanagements\public\index.php(57)]
Started Trace
#0 [internal function]: Phalcon\Mvc\Dispatcher->_throwDispatchException('Workmanagements...', 2)
#1 [internal function]: Phalcon\Dispatcher->dispatch()
#2 C:\xampp\htdocs\workmanagements\public\index.php(57): Phalcon\Mvc\Application->handle()
#3 {main}
[Sat, 04 Jul 15 15:05:23 +0200][ERROR] Workmanagements\Frontend\Controllers\SignupController handler class cannot be loaded [C:\xampp\htdocs\workmanagements\public\index.php(57)]
Started Trace
#0 [internal function]: Phalcon\Mvc\Dispatcher->_throwDispatchException('Workmanagements...', 2)
#1 [internal function]: Phalcon\Dispatcher->dispatch()
#2 C:\xampp\htdocs\workmanagements\public\index.php(57): Phalcon\Mvc\Application->handle()
#3 {main}
[Sat, 04 Jul 15 15:07:36 +0200][ERROR] Workmanagements\Frontend\Controllers\SignupController handler class cannot be loaded [C:\xampp\htdocs\workmanagements\public\index.php(57)]
Started Trace
#0 [internal function]: Phalcon\Mvc\Dispatcher->_throwDispatchException('Workmanagements...', 2)
#1 [internal function]: Phalcon\Dispatcher->dispatch()
#2 C:\xampp\htdocs\workmanagements\public\index.php(57): Phalcon\Mvc\Application->handle()
#3 {main}
[Sat, 04 Jul 15 15:07:51 +0200][ERROR] Workmanagements\Frontend\Controllers\SignupController handler class cannot be loaded [C:\xampp\htdocs\workmanagements\public\index.php(57)]
Started Trace
#0 [internal function]: Phalcon\Mvc\Dispatcher->_throwDispatchException('Workmanagements...', 2)
#1 [internal function]: Phalcon\Dispatcher->dispatch()
#2 C:\xampp\htdocs\workmanagements\public\index.php(57): Phalcon\Mvc\Application->handle()
#3 {main}
[Sat, 04 Jul 15 15:12:24 +0200][ERROR] Workmanagements\Frontend\Controllers\WorkmanagementsController handler class cannot be loaded [C:\xampp\htdocs\workmanagements\public\index.php(57)]
Started Trace
#0 [internal function]: Phalcon\Mvc\Dispatcher->_throwDispatchException('Workmanagements...', 2)
#1 [internal function]: Phalcon\Dispatcher->dispatch()
#2 C:\xampp\htdocs\workmanagements\public\index.php(57): Phalcon\Mvc\Application->handle()
#3 {main}
[Sat, 04 Jul 15 15:12:48 +0200][ERROR] Workmanagements\Frontend\Controllers\SignupController handler class cannot be loaded [C:\xampp\htdocs\workmanagements\public\index.php(57)]
Started Trace
#0 [internal function]: Phalcon\Mvc\Dispatcher->_throwDispatchException('Workmanagements...', 2)
#1 [internal function]: Phalcon\Dispatcher->dispatch()
#2 C:\xampp\htdocs\workmanagements\public\index.php(57): Phalcon\Mvc\Application->handle()
#3 {main}
[Sat, 04 Jul 15 15:25:06 +0200][ERROR] Workmanagements\Frontend\Controllers\SignupController handler class cannot be loaded [C:\xampp\htdocs\workmanagements\public\index.php(57)]
Started Trace
#0 [internal function]: Phalcon\Mvc\Dispatcher->_throwDispatchException('Workmanagements...', 2)
#1 [internal function]: Phalcon\Dispatcher->dispatch()
#2 C:\xampp\htdocs\workmanagements\public\index.php(57): Phalcon\Mvc\Application->handle()
#3 {main}
[Sat, 04 Jul 15 15:28:08 +0200][ERROR] Workmanagements\Frontend\Controllers\AppsController handler class cannot be loaded [C:\xampp\htdocs\workmanagements\public\index.php(57)]
Started Trace
#0 [internal function]: Phalcon\Mvc\Dispatcher->_throwDispatchException('Workmanagements...', 2)
#1 [internal function]: Phalcon\Dispatcher->dispatch()
#2 C:\xampp\htdocs\workmanagements\public\index.php(57): Phalcon\Mvc\Application->handle()
#3 {main}
[Sat, 04 Jul 15 15:28:47 +0200][ERROR] Workmanagements\Frontend\Controllers\SignupController handler class cannot be loaded [C:\xampp\htdocs\workmanagements\public\index.php(57)]
Started Trace
#0 [internal function]: Phalcon\Mvc\Dispatcher->_throwDispatchException('Workmanagements...', 2)
#1 [internal function]: Phalcon\Dispatcher->dispatch()
#2 C:\xampp\htdocs\workmanagements\public\index.php(57): Phalcon\Mvc\Application->handle()
#3 {main}
[Sat, 04 Jul 15 15:28:58 +0200][ERROR] Workmanagements\Frontend\Controllers\SignupController handler class cannot be loaded [C:\xampp\htdocs\workmanagements\public\index.php(57)]
Started Trace
#0 [internal function]: Phalcon\Mvc\Dispatcher->_throwDispatchException('Workmanagements...', 2)
#1 [internal function]: Phalcon\Dispatcher->dispatch()
#2 C:\xampp\htdocs\workmanagements\public\index.php(57): Phalcon\Mvc\Application->handle()
#3 {main}
[Sat, 04 Jul 15 15:50:20 +0200][ERROR] Workmanagements\Frontend\Controllers\SignupController handler class cannot be loaded [C:\xampp\htdocs\workmanagements\public\index.php(57)]
Started Trace
#0 [internal function]: Phalcon\Mvc\Dispatcher->_throwDispatchException('Workmanagements...', 2)
#1 [internal function]: Phalcon\Dispatcher->dispatch()
#2 C:\xampp\htdocs\workmanagements\public\index.php(57): Phalcon\Mvc\Application->handle()
#3 {main}
[Sat, 04 Jul 15 16:28:42 +0200][ERROR] Workmanagements\Frontend\Controllers\SignupController handler class cannot be loaded [C:\xampp\htdocs\workmanagements\public\index.php(57)]
Started Trace
#0 [internal function]: Phalcon\Mvc\Dispatcher->_throwDispatchException('Workmanagements...', 2)
#1 [internal function]: Phalcon\Dispatcher->dispatch()
#2 C:\xampp\htdocs\workmanagements\public\index.php(57): Phalcon\Mvc\Application->handle()
#3 {main}
[Sat, 04 Jul 15 16:49:01 +0200][ERROR] Workmanagements\Frontend\Controllers\SignupController handler class cannot be loaded [C:\xampp\htdocs\workmanagements\public\index.php(57)]
Started Trace
#0 [internal function]: Phalcon\Mvc\Dispatcher->_throwDispatchException('Workmanagements...', 2)
#1 [internal function]: Phalcon\Dispatcher->dispatch()
#2 C:\xampp\htdocs\workmanagements\public\index.php(57): Phalcon\Mvc\Application->handle()
#3 {main}
[Sat, 04 Jul 15 17:05:02 +0200][ERROR] Workmanagements\Frontend\Controllers\SignupController handler class cannot be loaded [C:\xampp\htdocs\workmanagements\public\index.php(57)]
Started Trace
#0 [internal function]: Phalcon\Mvc\Dispatcher->_throwDispatchException('Workmanagements...', 2)
#1 [internal function]: Phalcon\Dispatcher->dispatch()
#2 C:\xampp\htdocs\workmanagements\public\index.php(57): Phalcon\Mvc\Application->handle()
#3 {main}
[Sat, 04 Jul 15 17:16:20 +0200][ERROR] Workmanagements\Frontend\Controllers\SignupController handler class cannot be loaded [C:\xampp\htdocs\workmanagements\public\index.php(57)]
Started Trace
#0 [internal function]: Phalcon\Mvc\Dispatcher->_throwDispatchException('Workmanagements...', 2)
#1 [internal function]: Phalcon\Dispatcher->dispatch()
#2 C:\xampp\htdocs\workmanagements\public\index.php(57): Phalcon\Mvc\Application->handle()
#3 {main}
[Sat, 04 Jul 15 17:16:39 +0200][ERROR] Workmanagements\Frontend\Controllers\SignupController handler class cannot be loaded [C:\xampp\htdocs\workmanagements\public\index.php(57)]
Started Trace
#0 [internal function]: Phalcon\Mvc\Dispatcher->_throwDispatchException('Workmanagements...', 2)
#1 [internal function]: Phalcon\Dispatcher->dispatch()
#2 C:\xampp\htdocs\workmanagements\public\index.php(57): Phalcon\Mvc\Application->handle()
#3 {main}
[Sat, 04 Jul 15 17:26:09 +0200][ERROR] Workmanagements\Frontend\Controllers\ImgController handler class cannot be loaded [C:\xampp\htdocs\workmanagements\public\index.php(57)]
Started Trace
#0 [internal function]: Phalcon\Mvc\Dispatcher->_throwDispatchException('Workmanagements...', 2)
#1 [internal function]: Phalcon\Dispatcher->dispatch()
#2 C:\xampp\htdocs\workmanagements\public\index.php(57): Phalcon\Mvc\Application->handle()
#3 {main}
[Sat, 04 Jul 15 17:26:19 +0200][ERROR] Workmanagements\Frontend\Controllers\ImgController handler class cannot be loaded [C:\xampp\htdocs\workmanagements\public\index.php(57)]
Started Trace
#0 [internal function]: Phalcon\Mvc\Dispatcher->_throwDispatchException('Workmanagements...', 2)
#1 [internal function]: Phalcon\Dispatcher->dispatch()
#2 C:\xampp\htdocs\workmanagements\public\index.php(57): Phalcon\Mvc\Application->handle()
#3 {main}
[Sat, 04 Jul 15 17:27:19 +0200][ERROR] Workmanagements\Frontend\Controllers\ImgController handler class cannot be loaded [C:\xampp\htdocs\workmanagements\public\index.php(57)]
Started Trace
#0 [internal function]: Phalcon\Mvc\Dispatcher->_throwDispatchException('Workmanagements...', 2)
#1 [internal function]: Phalcon\Dispatcher->dispatch()
#2 C:\xampp\htdocs\workmanagements\public\index.php(57): Phalcon\Mvc\Application->handle()
#3 {main}
[Sat, 04 Jul 15 17:29:17 +0200][ERROR] Workmanagements\Frontend\Controllers\ImgController handler class cannot be loaded [C:\xampp\htdocs\workmanagements\public\index.php(57)]
Started Trace
#0 [internal function]: Phalcon\Mvc\Dispatcher->_throwDispatchException('Workmanagements...', 2)
#1 [internal function]: Phalcon\Dispatcher->dispatch()
#2 C:\xampp\htdocs\workmanagements\public\index.php(57): Phalcon\Mvc\Application->handle()
#3 {main}
[Sat, 04 Jul 15 17:29:40 +0200][ERROR] Workmanagements\Frontend\Controllers\ImgController handler class cannot be loaded [C:\xampp\htdocs\workmanagements\public\index.php(57)]
Started Trace
#0 [internal function]: Phalcon\Mvc\Dispatcher->_throwDispatchException('Workmanagements...', 2)
#1 [internal function]: Phalcon\Dispatcher->dispatch()
#2 C:\xampp\htdocs\workmanagements\public\index.php(57): Phalcon\Mvc\Application->handle()
#3 {main}
[Sat, 04 Jul 15 17:30:00 +0200][ERROR] Workmanagements\Frontend\Controllers\ImgController handler class cannot be loaded [C:\xampp\htdocs\workmanagements\public\index.php(57)]
Started Trace
#0 [internal function]: Phalcon\Mvc\Dispatcher->_throwDispatchException('Workmanagements...', 2)
#1 [internal function]: Phalcon\Dispatcher->dispatch()
#2 C:\xampp\htdocs\workmanagements\public\index.php(57): Phalcon\Mvc\Application->handle()
#3 {main}
[Sat, 04 Jul 15 17:30:37 +0200][ERROR] Workmanagements\Frontend\Controllers\UserlistController handler class cannot be loaded [C:\xampp\htdocs\workmanagements\public\index.php(57)]
Started Trace
#0 [internal function]: Phalcon\Mvc\Dispatcher->_throwDispatchException('Workmanagements...', 2)
#1 [internal function]: Phalcon\Dispatcher->dispatch()
#2 C:\xampp\htdocs\workmanagements\public\index.php(57): Phalcon\Mvc\Application->handle()
#3 {main}
[Sat, 04 Jul 15 17:30:39 +0200][ERROR] Workmanagements\Frontend\Controllers\ImgController handler class cannot be loaded [C:\xampp\htdocs\workmanagements\public\index.php(57)]
Started Trace
#0 [internal function]: Phalcon\Mvc\Dispatcher->_throwDispatchException('Workmanagements...', 2)
#1 [internal function]: Phalcon\Dispatcher->dispatch()
#2 C:\xampp\htdocs\workmanagements\public\index.php(57): Phalcon\Mvc\Application->handle()
#3 {main}
[Sat, 04 Jul 15 17:35:38 +0200][ERROR] Workmanagements\Frontend\Controllers\ImgController handler class cannot be loaded [C:\xampp\htdocs\workmanagements\public\index.php(57)]
Started Trace
#0 [internal function]: Phalcon\Mvc\Dispatcher->_throwDispatchException('Workmanagements...', 2)
#1 [internal function]: Phalcon\Dispatcher->dispatch()
#2 C:\xampp\htdocs\workmanagements\public\index.php(57): Phalcon\Mvc\Application->handle()
#3 {main}
[Sat, 04 Jul 15 17:38:13 +0200][ERROR] Workmanagements\Frontend\Controllers\ImgController handler class cannot be loaded [C:\xampp\htdocs\workmanagements\public\index.php(57)]
Started Trace
#0 [internal function]: Phalcon\Mvc\Dispatcher->_throwDispatchException('Workmanagements...', 2)
#1 [internal function]: Phalcon\Dispatcher->dispatch()
#2 C:\xampp\htdocs\workmanagements\public\index.php(57): Phalcon\Mvc\Application->handle()
#3 {main}
[Sat, 04 Jul 15 17:40:31 +0200][ERROR] Workmanagements\Frontend\Controllers\ImgController handler class cannot be loaded [C:\xampp\htdocs\workmanagements\public\index.php(57)]
Started Trace
#0 [internal function]: Phalcon\Mvc\Dispatcher->_throwDispatchException('Workmanagements...', 2)
#1 [internal function]: Phalcon\Dispatcher->dispatch()
#2 C:\xampp\htdocs\workmanagements\public\index.php(57): Phalcon\Mvc\Application->handle()
#3 {main}
[Sat, 04 Jul 15 17:40:42 +0200][ERROR] Workmanagements\Frontend\Controllers\ImgController handler class cannot be loaded [C:\xampp\htdocs\workmanagements\public\index.php(57)]
Started Trace
#0 [internal function]: Phalcon\Mvc\Dispatcher->_throwDispatchException('Workmanagements...', 2)
#1 [internal function]: Phalcon\Dispatcher->dispatch()
#2 C:\xampp\htdocs\workmanagements\public\index.php(57): Phalcon\Mvc\Application->handle()
#3 {main}
[Sat, 04 Jul 15 17:41:32 +0200][ERROR] Workmanagements\Frontend\Controllers\ImgController handler class cannot be loaded [C:\xampp\htdocs\workmanagements\public\index.php(57)]
Started Trace
#0 [internal function]: Phalcon\Mvc\Dispatcher->_throwDispatchException('Workmanagements...', 2)
#1 [internal function]: Phalcon\Dispatcher->dispatch()
#2 C:\xampp\htdocs\workmanagements\public\index.php(57): Phalcon\Mvc\Application->handle()
#3 {main}
[Sat, 04 Jul 15 17:41:42 +0200][ERROR] Workmanagements\Frontend\Controllers\ImgController handler class cannot be loaded [C:\xampp\htdocs\workmanagements\public\index.php(57)]
Started Trace
#0 [internal function]: Phalcon\Mvc\Dispatcher->_throwDispatchException('Workmanagements...', 2)
#1 [internal function]: Phalcon\Dispatcher->dispatch()
#2 C:\xampp\htdocs\workmanagements\public\index.php(57): Phalcon\Mvc\Application->handle()
#3 {main}
[Sat, 04 Jul 15 17:45:44 +0200][ERROR] Workmanagements\Frontend\Controllers\ImgController handler class cannot be loaded [C:\xampp\htdocs\workmanagements\public\index.php(57)]
Started Trace
#0 [internal function]: Phalcon\Mvc\Dispatcher->_throwDispatchException('Workmanagements...', 2)
#1 [internal function]: Phalcon\Dispatcher->dispatch()
#2 C:\xampp\htdocs\workmanagements\public\index.php(57): Phalcon\Mvc\Application->handle()
#3 {main}
[Sat, 04 Jul 15 17:45:59 +0200][ERROR] Workmanagements\Frontend\Controllers\ImgController handler class cannot be loaded [C:\xampp\htdocs\workmanagements\public\index.php(57)]
Started Trace
#0 [internal function]: Phalcon\Mvc\Dispatcher->_throwDispatchException('Workmanagements...', 2)
#1 [internal function]: Phalcon\Dispatcher->dispatch()
#2 C:\xampp\htdocs\workmanagements\public\index.php(57): Phalcon\Mvc\Application->handle()
#3 {main}
[Sat, 04 Jul 15 17:50:36 +0200][ERROR] Workmanagements\Frontend\Controllers\ImgController handler class cannot be loaded [C:\xampp\htdocs\workmanagements\public\index.php(57)]
Started Trace
#0 [internal function]: Phalcon\Mvc\Dispatcher->_throwDispatchException('Workmanagements...', 2)
#1 [internal function]: Phalcon\Dispatcher->dispatch()
#2 C:\xampp\htdocs\workmanagements\public\index.php(57): Phalcon\Mvc\Application->handle()
#3 {main}
[Sat, 04 Jul 15 17:50:48 +0200][ERROR] Workmanagements\Frontend\Controllers\ImgController handler class cannot be loaded [C:\xampp\htdocs\workmanagements\public\index.php(57)]
Started Trace
#0 [internal function]: Phalcon\Mvc\Dispatcher->_throwDispatchException('Workmanagements...', 2)
#1 [internal function]: Phalcon\Dispatcher->dispatch()
#2 C:\xampp\htdocs\workmanagements\public\index.php(57): Phalcon\Mvc\Application->handle()
#3 {main}
[Sat, 04 Jul 15 17:51:20 +0200][ERROR] Workmanagements\Frontend\Controllers\ImgController handler class cannot be loaded [C:\xampp\htdocs\workmanagements\public\index.php(57)]
Started Trace
#0 [internal function]: Phalcon\Mvc\Dispatcher->_throwDispatchException('Workmanagements...', 2)
#1 [internal function]: Phalcon\Dispatcher->dispatch()
#2 C:\xampp\htdocs\workmanagements\public\index.php(57): Phalcon\Mvc\Application->handle()
#3 {main}
[Sat, 04 Jul 15 17:51:43 +0200][ERROR] Workmanagements\Frontend\Controllers\ImgController handler class cannot be loaded [C:\xampp\htdocs\workmanagements\public\index.php(57)]
Started Trace
#0 [internal function]: Phalcon\Mvc\Dispatcher->_throwDispatchException('Workmanagements...', 2)
#1 [internal function]: Phalcon\Dispatcher->dispatch()
#2 C:\xampp\htdocs\workmanagements\public\index.php(57): Phalcon\Mvc\Application->handle()
#3 {main}
[Sat, 04 Jul 15 17:51:45 +0200][ERROR] Workmanagements\Frontend\Controllers\SignupController handler class cannot be loaded [C:\xampp\htdocs\workmanagements\public\index.php(57)]
Started Trace
#0 [internal function]: Phalcon\Mvc\Dispatcher->_throwDispatchException('Workmanagements...', 2)
#1 [internal function]: Phalcon\Dispatcher->dispatch()
#2 C:\xampp\htdocs\workmanagements\public\index.php(57): Phalcon\Mvc\Application->handle()
#3 {main}
[Sat, 04 Jul 15 17:51:47 +0200][ERROR] Workmanagements\Frontend\Controllers\ImgController handler class cannot be loaded [C:\xampp\htdocs\workmanagements\public\index.php(57)]
Started Trace
#0 [internal function]: Phalcon\Mvc\Dispatcher->_throwDispatchException('Workmanagements...', 2)
#1 [internal function]: Phalcon\Dispatcher->dispatch()
#2 C:\xampp\htdocs\workmanagements\public\index.php(57): Phalcon\Mvc\Application->handle()
#3 {main}
[Sat, 04 Jul 15 17:51:53 +0200][ERROR] Workmanagements\Frontend\Controllers\ImgController handler class cannot be loaded [C:\xampp\htdocs\workmanagements\public\index.php(57)]
Started Trace
#0 [internal function]: Phalcon\Mvc\Dispatcher->_throwDispatchException('Workmanagements...', 2)
#1 [internal function]: Phalcon\Dispatcher->dispatch()
#2 C:\xampp\htdocs\workmanagements\public\index.php(57): Phalcon\Mvc\Application->handle()
#3 {main}
[Sat, 04 Jul 15 17:52:15 +0200][ERROR] Workmanagements\Frontend\Controllers\ImgController handler class cannot be loaded [C:\xampp\htdocs\workmanagements\public\index.php(57)]
Started Trace
#0 [internal function]: Phalcon\Mvc\Dispatcher->_throwDispatchException('Workmanagements...', 2)
#1 [internal function]: Phalcon\Dispatcher->dispatch()
#2 C:\xampp\htdocs\workmanagements\public\index.php(57): Phalcon\Mvc\Application->handle()
#3 {main}
[Sat, 04 Jul 15 17:58:31 +0200][ERROR] Workmanagements\Frontend\Controllers\ImgController handler class cannot be loaded [C:\xampp\htdocs\workmanagements\public\index.php(57)]
Started Trace
#0 [internal function]: Phalcon\Mvc\Dispatcher->_throwDispatchException('Workmanagements...', 2)
#1 [internal function]: Phalcon\Dispatcher->dispatch()
#2 C:\xampp\htdocs\workmanagements\public\index.php(57): Phalcon\Mvc\Application->handle()
#3 {main}
[Sat, 04 Jul 15 17:58:33 +0200][ERROR] Workmanagements\Frontend\Controllers\CommonController handler class cannot be loaded [C:\xampp\htdocs\workmanagements\public\index.php(57)]
Started Trace
#0 [internal function]: Phalcon\Mvc\Dispatcher->_throwDispatchException('Workmanagements...', 2)
#1 [internal function]: Phalcon\Dispatcher->dispatch()
#2 C:\xampp\htdocs\workmanagements\public\index.php(57): Phalcon\Mvc\Application->handle()
#3 {main}
[Sat, 04 Jul 15 17:58:42 +0200][ERROR] Workmanagements\Frontend\Controllers\ImgController handler class cannot be loaded [C:\xampp\htdocs\workmanagements\public\index.php(57)]
Started Trace
#0 [internal function]: Phalcon\Mvc\Dispatcher->_throwDispatchException('Workmanagements...', 2)
#1 [internal function]: Phalcon\Dispatcher->dispatch()
#2 C:\xampp\htdocs\workmanagements\public\index.php(57): Phalcon\Mvc\Application->handle()
#3 {main}
[Sat, 04 Jul 15 17:58:42 +0200][ERROR] Workmanagements\Frontend\Controllers\CommonController handler class cannot be loaded [C:\xampp\htdocs\workmanagements\public\index.php(57)]
Started Trace
#0 [internal function]: Phalcon\Mvc\Dispatcher->_throwDispatchException('Workmanagements...', 2)
#1 [internal function]: Phalcon\Dispatcher->dispatch()
#2 C:\xampp\htdocs\workmanagements\public\index.php(57): Phalcon\Mvc\Application->handle()
#3 {main}
[Sat, 04 Jul 15 18:03:24 +0200][ERROR] Workmanagements\Frontend\Controllers\ImgController handler class cannot be loaded [C:\xampp\htdocs\workmanagements\public\index.php(57)]
Started Trace
#0 [internal function]: Phalcon\Mvc\Dispatcher->_throwDispatchException('Workmanagements...', 2)
#1 [internal function]: Phalcon\Dispatcher->dispatch()
#2 C:\xampp\htdocs\workmanagements\public\index.php(57): Phalcon\Mvc\Application->handle()
#3 {main}
[Sat, 04 Jul 15 18:03:26 +0200][ERROR] Workmanagements\Frontend\Controllers\CommonController handler class cannot be loaded [C:\xampp\htdocs\workmanagements\public\index.php(57)]
Started Trace
#0 [internal function]: Phalcon\Mvc\Dispatcher->_throwDispatchException('Workmanagements...', 2)
#1 [internal function]: Phalcon\Dispatcher->dispatch()
#2 C:\xampp\htdocs\workmanagements\public\index.php(57): Phalcon\Mvc\Application->handle()
#3 {main}
[Sat, 04 Jul 15 18:03:53 +0200][ERROR] Workmanagements\Frontend\Controllers\ImgController handler class cannot be loaded [C:\xampp\htdocs\workmanagements\public\index.php(57)]
Started Trace
#0 [internal function]: Phalcon\Mvc\Dispatcher->_throwDispatchException('Workmanagements...', 2)
#1 [internal function]: Phalcon\Dispatcher->dispatch()
#2 C:\xampp\htdocs\workmanagements\public\index.php(57): Phalcon\Mvc\Application->handle()
#3 {main}
[Sat, 04 Jul 15 18:03:53 +0200][ERROR] Workmanagements\Frontend\Controllers\CommonController handler class cannot be loaded [C:\xampp\htdocs\workmanagements\public\index.php(57)]
Started Trace
#0 [internal function]: Phalcon\Mvc\Dispatcher->_throwDispatchException('Workmanagements...', 2)
#1 [internal function]: Phalcon\Dispatcher->dispatch()
#2 C:\xampp\htdocs\workmanagements\public\index.php(57): Phalcon\Mvc\Application->handle()
#3 {main}
[Sat, 04 Jul 15 18:03:59 +0200][ERROR] Workmanagements\Frontend\Controllers\ImgController handler class cannot be loaded [C:\xampp\htdocs\workmanagements\public\index.php(57)]
Started Trace
#0 [internal function]: Phalcon\Mvc\Dispatcher->_throwDispatchException('Workmanagements...', 2)
#1 [internal function]: Phalcon\Dispatcher->dispatch()
#2 C:\xampp\htdocs\workmanagements\public\index.php(57): Phalcon\Mvc\Application->handle()
#3 {main}
[Sat, 04 Jul 15 18:03:59 +0200][ERROR] Workmanagements\Frontend\Controllers\CommonController handler class cannot be loaded [C:\xampp\htdocs\workmanagements\public\index.php(57)]
Started Trace
#0 [internal function]: Phalcon\Mvc\Dispatcher->_throwDispatchException('Workmanagements...', 2)
#1 [internal function]: Phalcon\Dispatcher->dispatch()
#2 C:\xampp\htdocs\workmanagements\public\index.php(57): Phalcon\Mvc\Application->handle()
#3 {main}
[Sat, 04 Jul 15 18:12:35 +0200][ERROR] Workmanagements\Frontend\Controllers\CommonController handler class cannot be loaded [C:\xampp\htdocs\workmanagements\public\index.php(57)]
Started Trace
#0 [internal function]: Phalcon\Mvc\Dispatcher->_throwDispatchException('Workmanagements...', 2)
#1 [internal function]: Phalcon\Dispatcher->dispatch()
#2 C:\xampp\htdocs\workmanagements\public\index.php(57): Phalcon\Mvc\Application->handle()
#3 {main}
[Sat, 04 Jul 15 18:12:35 +0200][ERROR] Workmanagements\Frontend\Controllers\CommonController handler class cannot be loaded [C:\xampp\htdocs\workmanagements\public\index.php(57)]
Started Trace
#0 [internal function]: Phalcon\Mvc\Dispatcher->_throwDispatchException('Workmanagements...', 2)
#1 [internal function]: Phalcon\Dispatcher->dispatch()
#2 C:\xampp\htdocs\workmanagements\public\index.php(57): Phalcon\Mvc\Application->handle()
#3 {main}
[Sat, 04 Jul 15 18:12:35 +0200][ERROR] Workmanagements\Frontend\Controllers\CommonController handler class cannot be loaded [C:\xampp\htdocs\workmanagements\public\index.php(57)]
Started Trace
#0 [internal function]: Phalcon\Mvc\Dispatcher->_throwDispatchException('Workmanagements...', 2)
#1 [internal function]: Phalcon\Dispatcher->dispatch()
#2 C:\xampp\htdocs\workmanagements\public\index.php(57): Phalcon\Mvc\Application->handle()
#3 {main}
[Sat, 04 Jul 15 18:12:35 +0200][ERROR] Workmanagements\Frontend\Controllers\CommonController handler class cannot be loaded [C:\xampp\htdocs\workmanagements\public\index.php(57)]
Started Trace
#0 [internal function]: Phalcon\Mvc\Dispatcher->_throwDispatchException('Workmanagements...', 2)
#1 [internal function]: Phalcon\Dispatcher->dispatch()
#2 C:\xampp\htdocs\workmanagements\public\index.php(57): Phalcon\Mvc\Application->handle()
#3 {main}
[Sat, 04 Jul 15 18:12:35 +0200][ERROR] Workmanagements\Frontend\Controllers\CommonController handler class cannot be loaded [C:\xampp\htdocs\workmanagements\public\index.php(57)]
Started Trace
#0 [internal function]: Phalcon\Mvc\Dispatcher->_throwDispatchException('Workmanagements...', 2)
#1 [internal function]: Phalcon\Dispatcher->dispatch()
#2 C:\xampp\htdocs\workmanagements\public\index.php(57): Phalcon\Mvc\Application->handle()
#3 {main}
[Sat, 04 Jul 15 18:12:35 +0200][ERROR] Workmanagements\Frontend\Controllers\CommonController handler class cannot be loaded [C:\xampp\htdocs\workmanagements\public\index.php(57)]
Started Trace
#0 [internal function]: Phalcon\Mvc\Dispatcher->_throwDispatchException('Workmanagements...', 2)
#1 [internal function]: Phalcon\Dispatcher->dispatch()
#2 C:\xampp\htdocs\workmanagements\public\index.php(57): Phalcon\Mvc\Application->handle()
#3 {main}
[Sat, 04 Jul 15 18:12:35 +0200][ERROR] Workmanagements\Frontend\Controllers\ImgController handler class cannot be loaded [C:\xampp\htdocs\workmanagements\public\index.php(57)]
Started Trace
#0 [internal function]: Phalcon\Mvc\Dispatcher->_throwDispatchException('Workmanagements...', 2)
#1 [internal function]: Phalcon\Dispatcher->dispatch()
#2 C:\xampp\htdocs\workmanagements\public\index.php(57): Phalcon\Mvc\Application->handle()
#3 {main}
[Sat, 04 Jul 15 18:12:54 +0200][ERROR] Workmanagements\Frontend\Controllers\ImgController handler class cannot be loaded [C:\xampp\htdocs\workmanagements\public\index.php(57)]
Started Trace
#0 [internal function]: Phalcon\Mvc\Dispatcher->_throwDispatchException('Workmanagements...', 2)
#1 [internal function]: Phalcon\Dispatcher->dispatch()
#2 C:\xampp\htdocs\workmanagements\public\index.php(57): Phalcon\Mvc\Application->handle()
#3 {main}
[Sat, 04 Jul 15 18:15:08 +0200][ERROR] Workmanagements\Frontend\Controllers\CommonController handler class cannot be loaded [C:\xampp\htdocs\workmanagements\public\index.php(57)]
Started Trace
#0 [internal function]: Phalcon\Mvc\Dispatcher->_throwDispatchException('Workmanagements...', 2)
#1 [internal function]: Phalcon\Dispatcher->dispatch()
#2 C:\xampp\htdocs\workmanagements\public\index.php(57): Phalcon\Mvc\Application->handle()
#3 {main}
[Sat, 04 Jul 15 18:15:08 +0200][ERROR] Workmanagements\Frontend\Controllers\CommonController handler class cannot be loaded [C:\xampp\htdocs\workmanagements\public\index.php(57)]
Started Trace
#0 [internal function]: Phalcon\Mvc\Dispatcher->_throwDispatchException('Workmanagements...', 2)
#1 [internal function]: Phalcon\Dispatcher->dispatch()
#2 C:\xampp\htdocs\workmanagements\public\index.php(57): Phalcon\Mvc\Application->handle()
#3 {main}
[Sat, 04 Jul 15 18:15:08 +0200][ERROR] Workmanagements\Frontend\Controllers\CommonController handler class cannot be loaded [C:\xampp\htdocs\workmanagements\public\index.php(57)]
Started Trace
#0 [internal function]: Phalcon\Mvc\Dispatcher->_throwDispatchException('Workmanagements...', 2)
#1 [internal function]: Phalcon\Dispatcher->dispatch()
#2 C:\xampp\htdocs\workmanagements\public\index.php(57): Phalcon\Mvc\Application->handle()
#3 {main}
[Sat, 04 Jul 15 18:15:08 +0200][ERROR] Workmanagements\Frontend\Controllers\CommonController handler class cannot be loaded [C:\xampp\htdocs\workmanagements\public\index.php(57)]
Started Trace
#0 [internal function]: Phalcon\Mvc\Dispatcher->_throwDispatchException('Workmanagements...', 2)
#1 [internal function]: Phalcon\Dispatcher->dispatch()
#2 C:\xampp\htdocs\workmanagements\public\index.php(57): Phalcon\Mvc\Application->handle()
#3 {main}
[Sat, 04 Jul 15 18:15:08 +0200][ERROR] Workmanagements\Frontend\Controllers\CommonController handler class cannot be loaded [C:\xampp\htdocs\workmanagements\public\index.php(57)]
Started Trace
#0 [internal function]: Phalcon\Mvc\Dispatcher->_throwDispatchException('Workmanagements...', 2)
#1 [internal function]: Phalcon\Dispatcher->dispatch()
#2 C:\xampp\htdocs\workmanagements\public\index.php(57): Phalcon\Mvc\Application->handle()
#3 {main}
[Sat, 04 Jul 15 18:15:08 +0200][ERROR] Workmanagements\Frontend\Controllers\CommonController handler class cannot be loaded [C:\xampp\htdocs\workmanagements\public\index.php(57)]
Started Trace
#0 [internal function]: Phalcon\Mvc\Dispatcher->_throwDispatchException('Workmanagements...', 2)
#1 [internal function]: Phalcon\Dispatcher->dispatch()
#2 C:\xampp\htdocs\workmanagements\public\index.php(57): Phalcon\Mvc\Application->handle()
#3 {main}
[Sat, 04 Jul 15 18:15:09 +0200][ERROR] Workmanagements\Frontend\Controllers\ImgController handler class cannot be loaded [C:\xampp\htdocs\workmanagements\public\index.php(57)]
Started Trace
#0 [internal function]: Phalcon\Mvc\Dispatcher->_throwDispatchException('Workmanagements...', 2)
#1 [internal function]: Phalcon\Dispatcher->dispatch()
#2 C:\xampp\htdocs\workmanagements\public\index.php(57): Phalcon\Mvc\Application->handle()
#3 {main}
[Sat, 04 Jul 15 18:15:19 +0200][ERROR] Workmanagements\Frontend\Controllers\CommonController handler class cannot be loaded [C:\xampp\htdocs\workmanagements\public\index.php(57)]
Started Trace
#0 [internal function]: Phalcon\Mvc\Dispatcher->_throwDispatchException('Workmanagements...', 2)
#1 [internal function]: Phalcon\Dispatcher->dispatch()
#2 C:\xampp\htdocs\workmanagements\public\index.php(57): Phalcon\Mvc\Application->handle()
#3 {main}
[Sat, 04 Jul 15 18:15:20 +0200][ERROR] Workmanagements\Frontend\Controllers\CommonController handler class cannot be loaded [C:\xampp\htdocs\workmanagements\public\index.php(57)]
Started Trace
#0 [internal function]: Phalcon\Mvc\Dispatcher->_throwDispatchException('Workmanagements...', 2)
#1 [internal function]: Phalcon\Dispatcher->dispatch()
#2 C:\xampp\htdocs\workmanagements\public\index.php(57): Phalcon\Mvc\Application->handle()
#3 {main}
[Sat, 04 Jul 15 18:15:20 +0200][ERROR] Workmanagements\Frontend\Controllers\CommonController handler class cannot be loaded [C:\xampp\htdocs\workmanagements\public\index.php(57)]
Started Trace
#0 [internal function]: Phalcon\Mvc\Dispatcher->_throwDispatchException('Workmanagements...', 2)
#1 [internal function]: Phalcon\Dispatcher->dispatch()
#2 C:\xampp\htdocs\workmanagements\public\index.php(57): Phalcon\Mvc\Application->handle()
#3 {main}
[Sat, 04 Jul 15 18:15:20 +0200][ERROR] Workmanagements\Frontend\Controllers\CommonController handler class cannot be loaded [C:\xampp\htdocs\workmanagements\public\index.php(57)]
Started Trace
#0 [internal function]: Phalcon\Mvc\Dispatcher->_throwDispatchException('Workmanagements...', 2)
#1 [internal function]: Phalcon\Dispatcher->dispatch()
#2 C:\xampp\htdocs\workmanagements\public\index.php(57): Phalcon\Mvc\Application->handle()
#3 {main}
[Sat, 04 Jul 15 18:15:20 +0200][ERROR] Workmanagements\Frontend\Controllers\CommonController handler class cannot be loaded [C:\xampp\htdocs\workmanagements\public\index.php(57)]
Started Trace
#0 [internal function]: Phalcon\Mvc\Dispatcher->_throwDispatchException('Workmanagements...', 2)
#1 [internal function]: Phalcon\Dispatcher->dispatch()
#2 C:\xampp\htdocs\workmanagements\public\index.php(57): Phalcon\Mvc\Application->handle()
#3 {main}
[Sat, 04 Jul 15 18:15:20 +0200][ERROR] Workmanagements\Frontend\Controllers\CommonController handler class cannot be loaded [C:\xampp\htdocs\workmanagements\public\index.php(57)]
Started Trace
#0 [internal function]: Phalcon\Mvc\Dispatcher->_throwDispatchException('Workmanagements...', 2)
#1 [internal function]: Phalcon\Dispatcher->dispatch()
#2 C:\xampp\htdocs\workmanagements\public\index.php(57): Phalcon\Mvc\Application->handle()
#3 {main}
[Sat, 04 Jul 15 18:15:20 +0200][ERROR] Workmanagements\Frontend\Controllers\ImgController handler class cannot be loaded [C:\xampp\htdocs\workmanagements\public\index.php(57)]
Started Trace
#0 [internal function]: Phalcon\Mvc\Dispatcher->_throwDispatchException('Workmanagements...', 2)
#1 [internal function]: Phalcon\Dispatcher->dispatch()
#2 C:\xampp\htdocs\workmanagements\public\index.php(57): Phalcon\Mvc\Application->handle()
#3 {main}
[Sat, 04 Jul 15 18:16:04 +0200][ERROR] Workmanagements\Frontend\Controllers\CommonController handler class cannot be loaded [C:\xampp\htdocs\workmanagements\public\index.php(57)]
Started Trace
#0 [internal function]: Phalcon\Mvc\Dispatcher->_throwDispatchException('Workmanagements...', 2)
#1 [internal function]: Phalcon\Dispatcher->dispatch()
#2 C:\xampp\htdocs\workmanagements\public\index.php(57): Phalcon\Mvc\Application->handle()
#3 {main}
[Sat, 04 Jul 15 18:16:04 +0200][ERROR] Workmanagements\Frontend\Controllers\CommonController handler class cannot be loaded [C:\xampp\htdocs\workmanagements\public\index.php(57)]
Started Trace
#0 [internal function]: Phalcon\Mvc\Dispatcher->_throwDispatchException('Workmanagements...', 2)
#1 [internal function]: Phalcon\Dispatcher->dispatch()
#2 C:\xampp\htdocs\workmanagements\public\index.php(57): Phalcon\Mvc\Application->handle()
#3 {main}
[Sat, 04 Jul 15 18:16:04 +0200][ERROR] Workmanagements\Frontend\Controllers\ImgController handler class cannot be loaded [C:\xampp\htdocs\workmanagements\public\index.php(57)]
Started Trace
#0 [internal function]: Phalcon\Mvc\Dispatcher->_throwDispatchException('Workmanagements...', 2)
#1 [internal function]: Phalcon\Dispatcher->dispatch()
#2 C:\xampp\htdocs\workmanagements\public\index.php(57): Phalcon\Mvc\Application->handle()
#3 {main}
[Sat, 04 Jul 15 18:16:04 +0200][ERROR] Workmanagements\Frontend\Controllers\CommonController handler class cannot be loaded [C:\xampp\htdocs\workmanagements\public\index.php(57)]
Started Trace
#0 [internal function]: Phalcon\Mvc\Dispatcher->_throwDispatchException('Workmanagements...', 2)
#1 [internal function]: Phalcon\Dispatcher->dispatch()
#2 C:\xampp\htdocs\workmanagements\public\index.php(57): Phalcon\Mvc\Application->handle()
#3 {main}
[Sat, 04 Jul 15 18:16:04 +0200][ERROR] Workmanagements\Frontend\Controllers\CommonController handler class cannot be loaded [C:\xampp\htdocs\workmanagements\public\index.php(57)]
Started Trace
#0 [internal function]: Phalcon\Mvc\Dispatcher->_throwDispatchException('Workmanagements...', 2)
#1 [internal function]: Phalcon\Dispatcher->dispatch()
#2 C:\xampp\htdocs\workmanagements\public\index.php(57): Phalcon\Mvc\Application->handle()
#3 {main}
[Sat, 04 Jul 15 18:16:04 +0200][ERROR] Workmanagements\Frontend\Controllers\CommonController handler class cannot be loaded [C:\xampp\htdocs\workmanagements\public\index.php(57)]
Started Trace
#0 [internal function]: Phalcon\Mvc\Dispatcher->_throwDispatchException('Workmanagements...', 2)
#1 [internal function]: Phalcon\Dispatcher->dispatch()
#2 C:\xampp\htdocs\workmanagements\public\index.php(57): Phalcon\Mvc\Application->handle()
#3 {main}
[Sat, 04 Jul 15 18:16:04 +0200][ERROR] Workmanagements\Frontend\Controllers\CommonController handler class cannot be loaded [C:\xampp\htdocs\workmanagements\public\index.php(57)]
Started Trace
#0 [internal function]: Phalcon\Mvc\Dispatcher->_throwDispatchException('Workmanagements...', 2)
#1 [internal function]: Phalcon\Dispatcher->dispatch()
#2 C:\xampp\htdocs\workmanagements\public\index.php(57): Phalcon\Mvc\Application->handle()
#3 {main}
[Sat, 04 Jul 15 18:16:57 +0200][ERROR] Workmanagements\Frontend\Controllers\CommonController handler class cannot be loaded [C:\xampp\htdocs\workmanagements\public\index.php(57)]
Started Trace
#0 [internal function]: Phalcon\Mvc\Dispatcher->_throwDispatchException('Workmanagements...', 2)
#1 [internal function]: Phalcon\Dispatcher->dispatch()
#2 C:\xampp\htdocs\workmanagements\public\index.php(57): Phalcon\Mvc\Application->handle()
#3 {main}
[Sat, 04 Jul 15 18:16:57 +0200][ERROR] Workmanagements\Frontend\Controllers\CommonController handler class cannot be loaded [C:\xampp\htdocs\workmanagements\public\index.php(57)]
Started Trace
#0 [internal function]: Phalcon\Mvc\Dispatcher->_throwDispatchException('Workmanagements...', 2)
#1 [internal function]: Phalcon\Dispatcher->dispatch()
#2 C:\xampp\htdocs\workmanagements\public\index.php(57): Phalcon\Mvc\Application->handle()
#3 {main}
[Sat, 04 Jul 15 18:16:57 +0200][ERROR] Workmanagements\Frontend\Controllers\CommonController handler class cannot be loaded [C:\xampp\htdocs\workmanagements\public\index.php(57)]
Started Trace
#0 [internal function]: Phalcon\Mvc\Dispatcher->_throwDispatchException('Workmanagements...', 2)
#1 [internal function]: Phalcon\Dispatcher->dispatch()
#2 C:\xampp\htdocs\workmanagements\public\index.php(57): Phalcon\Mvc\Application->handle()
#3 {main}
[Sat, 04 Jul 15 18:16:57 +0200][ERROR] Workmanagements\Frontend\Controllers\ImgController handler class cannot be loaded [C:\xampp\htdocs\workmanagements\public\index.php(57)]
Started Trace
#0 [internal function]: Phalcon\Mvc\Dispatcher->_throwDispatchException('Workmanagements...', 2)
#1 [internal function]: Phalcon\Dispatcher->dispatch()
#2 C:\xampp\htdocs\workmanagements\public\index.php(57): Phalcon\Mvc\Application->handle()
#3 {main}
[Sat, 04 Jul 15 18:16:57 +0200][ERROR] Workmanagements\Frontend\Controllers\CommonController handler class cannot be loaded [C:\xampp\htdocs\workmanagements\public\index.php(57)]
Started Trace
#0 [internal function]: Phalcon\Mvc\Dispatcher->_throwDispatchException('Workmanagements...', 2)
#1 [internal function]: Phalcon\Dispatcher->dispatch()
#2 C:\xampp\htdocs\workmanagements\public\index.php(57): Phalcon\Mvc\Application->handle()
#3 {main}
[Sat, 04 Jul 15 18:16:57 +0200][ERROR] Workmanagements\Frontend\Controllers\CommonController handler class cannot be loaded [C:\xampp\htdocs\workmanagements\public\index.php(57)]
Started Trace
#0 [internal function]: Phalcon\Mvc\Dispatcher->_throwDispatchException('Workmanagements...', 2)
#1 [internal function]: Phalcon\Dispatcher->dispatch()
#2 C:\xampp\htdocs\workmanagements\public\index.php(57): Phalcon\Mvc\Application->handle()
#3 {main}
[Sat, 04 Jul 15 18:16:57 +0200][ERROR] Workmanagements\Frontend\Controllers\CommonController handler class cannot be loaded [C:\xampp\htdocs\workmanagements\public\index.php(57)]
Started Trace
#0 [internal function]: Phalcon\Mvc\Dispatcher->_throwDispatchException('Workmanagements...', 2)
#1 [internal function]: Phalcon\Dispatcher->dispatch()
#2 C:\xampp\htdocs\workmanagements\public\index.php(57): Phalcon\Mvc\Application->handle()
#3 {main}
[Sat, 04 Jul 15 18:17:19 +0200][ERROR] Workmanagements\Frontend\Controllers\ImgController handler class cannot be loaded [C:\xampp\htdocs\workmanagements\public\index.php(57)]
Started Trace
#0 [internal function]: Phalcon\Mvc\Dispatcher->_throwDispatchException('Workmanagements...', 2)
#1 [internal function]: Phalcon\Dispatcher->dispatch()
#2 C:\xampp\htdocs\workmanagements\public\index.php(57): Phalcon\Mvc\Application->handle()
#3 {main}
[Sat, 04 Jul 15 18:17:20 +0200][ERROR] Workmanagements\Frontend\Controllers\CommonController handler class cannot be loaded [C:\xampp\htdocs\workmanagements\public\index.php(57)]
Started Trace
#0 [internal function]: Phalcon\Mvc\Dispatcher->_throwDispatchException('Workmanagements...', 2)
#1 [internal function]: Phalcon\Dispatcher->dispatch()
#2 C:\xampp\htdocs\workmanagements\public\index.php(57): Phalcon\Mvc\Application->handle()
#3 {main}
[Sat, 04 Jul 15 18:17:38 +0200][ERROR] Workmanagements\Frontend\Controllers\ImgController handler class cannot be loaded [C:\xampp\htdocs\workmanagements\public\index.php(57)]
Started Trace
#0 [internal function]: Phalcon\Mvc\Dispatcher->_throwDispatchException('Workmanagements...', 2)
#1 [internal function]: Phalcon\Dispatcher->dispatch()
#2 C:\xampp\htdocs\workmanagements\public\index.php(57): Phalcon\Mvc\Application->handle()
#3 {main}
[Sat, 04 Jul 15 18:17:38 +0200][ERROR] Workmanagements\Frontend\Controllers\CommonController handler class cannot be loaded [C:\xampp\htdocs\workmanagements\public\index.php(57)]
Started Trace
#0 [internal function]: Phalcon\Mvc\Dispatcher->_throwDispatchException('Workmanagements...', 2)
#1 [internal function]: Phalcon\Dispatcher->dispatch()
#2 C:\xampp\htdocs\workmanagements\public\index.php(57): Phalcon\Mvc\Application->handle()
#3 {main}
[Sat, 04 Jul 15 18:17:48 +0200][ERROR] Workmanagements\Frontend\Controllers\ImgController handler class cannot be loaded [C:\xampp\htdocs\workmanagements\public\index.php(57)]
Started Trace
#0 [internal function]: Phalcon\Mvc\Dispatcher->_throwDispatchException('Workmanagements...', 2)
#1 [internal function]: Phalcon\Dispatcher->dispatch()
#2 C:\xampp\htdocs\workmanagements\public\index.php(57): Phalcon\Mvc\Application->handle()
#3 {main}
[Sat, 04 Jul 15 18:17:48 +0200][ERROR] Workmanagements\Frontend\Controllers\ImgController handler class cannot be loaded [C:\xampp\htdocs\workmanagements\public\index.php(57)]
Started Trace
#0 [internal function]: Phalcon\Mvc\Dispatcher->_throwDispatchException('Workmanagements...', 2)
#1 [internal function]: Phalcon\Dispatcher->dispatch()
#2 C:\xampp\htdocs\workmanagements\public\index.php(57): Phalcon\Mvc\Application->handle()
#3 {main}
[Sat, 04 Jul 15 18:17:48 +0200][ERROR] Workmanagements\Frontend\Controllers\CommonController handler class cannot be loaded [C:\xampp\htdocs\workmanagements\public\index.php(57)]
Started Trace
#0 [internal function]: Phalcon\Mvc\Dispatcher->_throwDispatchException('Workmanagements...', 2)
#1 [internal function]: Phalcon\Dispatcher->dispatch()
#2 C:\xampp\htdocs\workmanagements\public\index.php(57): Phalcon\Mvc\Application->handle()
#3 {main}
[Sat, 04 Jul 15 18:18:50 +0200][ERROR] Workmanagements\Frontend\Controllers\CommonController handler class cannot be loaded [C:\xampp\htdocs\workmanagements\public\index.php(57)]
Started Trace
#0 [internal function]: Phalcon\Mvc\Dispatcher->_throwDispatchException('Workmanagements...', 2)
#1 [internal function]: Phalcon\Dispatcher->dispatch()
#2 C:\xampp\htdocs\workmanagements\public\index.php(57): Phalcon\Mvc\Application->handle()
#3 {main}
[Sat, 04 Jul 15 18:19:23 +0200][ERROR] Workmanagements\Frontend\Controllers\ImgController handler class cannot be loaded [C:\xampp\htdocs\workmanagements\public\index.php(57)]
Started Trace
#0 [internal function]: Phalcon\Mvc\Dispatcher->_throwDispatchException('Workmanagements...', 2)
#1 [internal function]: Phalcon\Dispatcher->dispatch()
#2 C:\xampp\htdocs\workmanagements\public\index.php(57): Phalcon\Mvc\Application->handle()
#3 {main}
[Sat, 04 Jul 15 18:19:24 +0200][ERROR] Workmanagements\Frontend\Controllers\CommonController handler class cannot be loaded [C:\xampp\htdocs\workmanagements\public\index.php(57)]
Started Trace
#0 [internal function]: Phalcon\Mvc\Dispatcher->_throwDispatchException('Workmanagements...', 2)
#1 [internal function]: Phalcon\Dispatcher->dispatch()
#2 C:\xampp\htdocs\workmanagements\public\index.php(57): Phalcon\Mvc\Application->handle()
#3 {main}
[Sat, 04 Jul 15 18:19:24 +0200][ERROR] Workmanagements\Frontend\Controllers\CommonController handler class cannot be loaded [C:\xampp\htdocs\workmanagements\public\index.php(57)]
Started Trace
#0 [internal function]: Phalcon\Mvc\Dispatcher->_throwDispatchException('Workmanagements...', 2)
#1 [internal function]: Phalcon\Dispatcher->dispatch()
#2 C:\xampp\htdocs\workmanagements\public\index.php(57): Phalcon\Mvc\Application->handle()
#3 {main}
[Sat, 04 Jul 15 18:19:31 +0200][ERROR] Workmanagements\Frontend\Controllers\ImgController handler class cannot be loaded [C:\xampp\htdocs\workmanagements\public\index.php(57)]
Started Trace
#0 [internal function]: Phalcon\Mvc\Dispatcher->_throwDispatchException('Workmanagements...', 2)
#1 [internal function]: Phalcon\Dispatcher->dispatch()
#2 C:\xampp\htdocs\workmanagements\public\index.php(57): Phalcon\Mvc\Application->handle()
#3 {main}
[Sat, 04 Jul 15 18:19:31 +0200][ERROR] Workmanagements\Frontend\Controllers\CommonController handler class cannot be loaded [C:\xampp\htdocs\workmanagements\public\index.php(57)]
Started Trace
#0 [internal function]: Phalcon\Mvc\Dispatcher->_throwDispatchException('Workmanagements...', 2)
#1 [internal function]: Phalcon\Dispatcher->dispatch()
#2 C:\xampp\htdocs\workmanagements\public\index.php(57): Phalcon\Mvc\Application->handle()
#3 {main}
[Sat, 04 Jul 15 18:19:32 +0200][ERROR] Workmanagements\Frontend\Controllers\CommonController handler class cannot be loaded [C:\xampp\htdocs\workmanagements\public\index.php(57)]
Started Trace
#0 [internal function]: Phalcon\Mvc\Dispatcher->_throwDispatchException('Workmanagements...', 2)
#1 [internal function]: Phalcon\Dispatcher->dispatch()
#2 C:\xampp\htdocs\workmanagements\public\index.php(57): Phalcon\Mvc\Application->handle()
#3 {main}
[Sat, 04 Jul 15 18:20:16 +0200][ERROR] Workmanagements\Frontend\Controllers\ImgController handler class cannot be loaded [C:\xampp\htdocs\workmanagements\public\index.php(57)]
Started Trace
#0 [internal function]: Phalcon\Mvc\Dispatcher->_throwDispatchException('Workmanagements...', 2)
#1 [internal function]: Phalcon\Dispatcher->dispatch()
#2 C:\xampp\htdocs\workmanagements\public\index.php(57): Phalcon\Mvc\Application->handle()
#3 {main}
[Sat, 04 Jul 15 18:20:16 +0200][ERROR] Workmanagements\Frontend\Controllers\CommonController handler class cannot be loaded [C:\xampp\htdocs\workmanagements\public\index.php(57)]
Started Trace
#0 [internal function]: Phalcon\Mvc\Dispatcher->_throwDispatchException('Workmanagements...', 2)
#1 [internal function]: Phalcon\Dispatcher->dispatch()
#2 C:\xampp\htdocs\workmanagements\public\index.php(57): Phalcon\Mvc\Application->handle()
#3 {main}
[Sat, 04 Jul 15 18:20:16 +0200][ERROR] Workmanagements\Frontend\Controllers\CommonController handler class cannot be loaded [C:\xampp\htdocs\workmanagements\public\index.php(57)]
Started Trace
#0 [internal function]: Phalcon\Mvc\Dispatcher->_throwDispatchException('Workmanagements...', 2)
#1 [internal function]: Phalcon\Dispatcher->dispatch()
#2 C:\xampp\htdocs\workmanagements\public\index.php(57): Phalcon\Mvc\Application->handle()
#3 {main}
[Sat, 04 Jul 15 18:20:54 +0200][ERROR] Workmanagements\Frontend\Controllers\CommonController handler class cannot be loaded [C:\xampp\htdocs\workmanagements\public\index.php(57)]
Started Trace
#0 [internal function]: Phalcon\Mvc\Dispatcher->_throwDispatchException('Workmanagements...', 2)
#1 [internal function]: Phalcon\Dispatcher->dispatch()
#2 C:\xampp\htdocs\workmanagements\public\index.php(57): Phalcon\Mvc\Application->handle()
#3 {main}
[Sat, 04 Jul 15 18:20:54 +0200][ERROR] Workmanagements\Frontend\Controllers\CommonController handler class cannot be loaded [C:\xampp\htdocs\workmanagements\public\index.php(57)]
Started Trace
#0 [internal function]: Phalcon\Mvc\Dispatcher->_throwDispatchException('Workmanagements...', 2)
#1 [internal function]: Phalcon\Dispatcher->dispatch()
#2 C:\xampp\htdocs\workmanagements\public\index.php(57): Phalcon\Mvc\Application->handle()
#3 {main}
[Sat, 04 Jul 15 18:20:54 +0200][ERROR] Workmanagements\Frontend\Controllers\CommonController handler class cannot be loaded [C:\xampp\htdocs\workmanagements\public\index.php(57)]
Started Trace
#0 [internal function]: Phalcon\Mvc\Dispatcher->_throwDispatchException('Workmanagements...', 2)
#1 [internal function]: Phalcon\Dispatcher->dispatch()
#2 C:\xampp\htdocs\workmanagements\public\index.php(57): Phalcon\Mvc\Application->handle()
#3 {main}
[Sat, 04 Jul 15 18:20:54 +0200][ERROR] Workmanagements\Frontend\Controllers\ImgController handler class cannot be loaded [C:\xampp\htdocs\workmanagements\public\index.php(57)]
Started Trace
#0 [internal function]: Phalcon\Mvc\Dispatcher->_throwDispatchException('Workmanagements...', 2)
#1 [internal function]: Phalcon\Dispatcher->dispatch()
#2 C:\xampp\htdocs\workmanagements\public\index.php(57): Phalcon\Mvc\Application->handle()
#3 {main}
[Sat, 04 Jul 15 18:20:55 +0200][ERROR] Workmanagements\Frontend\Controllers\CommonController handler class cannot be loaded [C:\xampp\htdocs\workmanagements\public\index.php(57)]
Started Trace
#0 [internal function]: Phalcon\Mvc\Dispatcher->_throwDispatchException('Workmanagements...', 2)
#1 [internal function]: Phalcon\Dispatcher->dispatch()
#2 C:\xampp\htdocs\workmanagements\public\index.php(57): Phalcon\Mvc\Application->handle()
#3 {main}
[Sat, 04 Jul 15 18:21:19 +0200][ERROR] Workmanagements\Frontend\Controllers\ImgController handler class cannot be loaded [C:\xampp\htdocs\workmanagements\public\index.php(57)]
Started Trace
#0 [internal function]: Phalcon\Mvc\Dispatcher->_throwDispatchException('Workmanagements...', 2)
#1 [internal function]: Phalcon\Dispatcher->dispatch()
#2 C:\xampp\htdocs\workmanagements\public\index.php(57): Phalcon\Mvc\Application->handle()
#3 {main}
[Sat, 04 Jul 15 18:21:19 +0200][ERROR] Workmanagements\Frontend\Controllers\CommonController handler class cannot be loaded [C:\xampp\htdocs\workmanagements\public\index.php(57)]
Started Trace
#0 [internal function]: Phalcon\Mvc\Dispatcher->_throwDispatchException('Workmanagements...', 2)
#1 [internal function]: Phalcon\Dispatcher->dispatch()
#2 C:\xampp\htdocs\workmanagements\public\index.php(57): Phalcon\Mvc\Application->handle()
#3 {main}
[Sat, 04 Jul 15 18:21:19 +0200][ERROR] Workmanagements\Frontend\Controllers\CommonController handler class cannot be loaded [C:\xampp\htdocs\workmanagements\public\index.php(57)]
Started Trace
#0 [internal function]: Phalcon\Mvc\Dispatcher->_throwDispatchException('Workmanagements...', 2)
#1 [internal function]: Phalcon\Dispatcher->dispatch()
#2 C:\xampp\htdocs\workmanagements\public\index.php(57): Phalcon\Mvc\Application->handle()
#3 {main}
[Sat, 04 Jul 15 18:21:19 +0200][ERROR] Workmanagements\Frontend\Controllers\CommonController handler class cannot be loaded [C:\xampp\htdocs\workmanagements\public\index.php(57)]
Started Trace
#0 [internal function]: Phalcon\Mvc\Dispatcher->_throwDispatchException('Workmanagements...', 2)
#1 [internal function]: Phalcon\Dispatcher->dispatch()
#2 C:\xampp\htdocs\workmanagements\public\index.php(57): Phalcon\Mvc\Application->handle()
#3 {main}
[Sat, 04 Jul 15 18:21:19 +0200][ERROR] Workmanagements\Frontend\Controllers\CommonController handler class cannot be loaded [C:\xampp\htdocs\workmanagements\public\index.php(57)]
Started Trace
#0 [internal function]: Phalcon\Mvc\Dispatcher->_throwDispatchException('Workmanagements...', 2)
#1 [internal function]: Phalcon\Dispatcher->dispatch()
#2 C:\xampp\htdocs\workmanagements\public\index.php(57): Phalcon\Mvc\Application->handle()
#3 {main}
[Sat, 04 Jul 15 18:21:30 +0200][ERROR] Workmanagements\Frontend\Controllers\ImgController handler class cannot be loaded [C:\xampp\htdocs\workmanagements\public\index.php(57)]
Started Trace
#0 [internal function]: Phalcon\Mvc\Dispatcher->_throwDispatchException('Workmanagements...', 2)
#1 [internal function]: Phalcon\Dispatcher->dispatch()
#2 C:\xampp\htdocs\workmanagements\public\index.php(57): Phalcon\Mvc\Application->handle()
#3 {main}
[Sat, 04 Jul 15 18:21:30 +0200][ERROR] Workmanagements\Frontend\Controllers\CommonController handler class cannot be loaded [C:\xampp\htdocs\workmanagements\public\index.php(57)]
Started Trace
#0 [internal function]: Phalcon\Mvc\Dispatcher->_throwDispatchException('Workmanagements...', 2)
#1 [internal function]: Phalcon\Dispatcher->dispatch()
#2 C:\xampp\htdocs\workmanagements\public\index.php(57): Phalcon\Mvc\Application->handle()
#3 {main}
[Sat, 04 Jul 15 18:21:34 +0200][ERROR] Workmanagements\Frontend\Controllers\ImgController handler class cannot be loaded [C:\xampp\htdocs\workmanagements\public\index.php(57)]
Started Trace
#0 [internal function]: Phalcon\Mvc\Dispatcher->_throwDispatchException('Workmanagements...', 2)
#1 [internal function]: Phalcon\Dispatcher->dispatch()
#2 C:\xampp\htdocs\workmanagements\public\index.php(57): Phalcon\Mvc\Application->handle()
#3 {main}
[Sat, 04 Jul 15 18:21:34 +0200][ERROR] Workmanagements\Frontend\Controllers\CommonController handler class cannot be loaded [C:\xampp\htdocs\workmanagements\public\index.php(57)]
Started Trace
#0 [internal function]: Phalcon\Mvc\Dispatcher->_throwDispatchException('Workmanagements...', 2)
#1 [internal function]: Phalcon\Dispatcher->dispatch()
#2 C:\xampp\htdocs\workmanagements\public\index.php(57): Phalcon\Mvc\Application->handle()
#3 {main}
[Sat, 04 Jul 15 18:21:34 +0200][ERROR] Workmanagements\Frontend\Controllers\CommonController handler class cannot be loaded [C:\xampp\htdocs\workmanagements\public\index.php(57)]
Started Trace
#0 [internal function]: Phalcon\Mvc\Dispatcher->_throwDispatchException('Workmanagements...', 2)
#1 [internal function]: Phalcon\Dispatcher->dispatch()
#2 C:\xampp\htdocs\workmanagements\public\index.php(57): Phalcon\Mvc\Application->handle()
#3 {main}
[Sat, 04 Jul 15 18:21:34 +0200][ERROR] Workmanagements\Frontend\Controllers\CommonController handler class cannot be loaded [C:\xampp\htdocs\workmanagements\public\index.php(57)]
Started Trace
#0 [internal function]: Phalcon\Mvc\Dispatcher->_throwDispatchException('Workmanagements...', 2)
#1 [internal function]: Phalcon\Dispatcher->dispatch()
#2 C:\xampp\htdocs\workmanagements\public\index.php(57): Phalcon\Mvc\Application->handle()
#3 {main}
[Sat, 04 Jul 15 18:21:34 +0200][ERROR] Workmanagements\Frontend\Controllers\CommonController handler class cannot be loaded [C:\xampp\htdocs\workmanagements\public\index.php(57)]
Started Trace
#0 [internal function]: Phalcon\Mvc\Dispatcher->_throwDispatchException('Workmanagements...', 2)
#1 [internal function]: Phalcon\Dispatcher->dispatch()
#2 C:\xampp\htdocs\workmanagements\public\index.php(57): Phalcon\Mvc\Application->handle()
#3 {main}
[Sat, 04 Jul 15 18:24:00 +0200][ERROR] Workmanagements\Frontend\Controllers\ImgController handler class cannot be loaded [C:\xampp\htdocs\workmanagements\public\index.php(57)]
Started Trace
#0 [internal function]: Phalcon\Mvc\Dispatcher->_throwDispatchException('Workmanagements...', 2)
#1 [internal function]: Phalcon\Dispatcher->dispatch()
#2 C:\xampp\htdocs\workmanagements\public\index.php(57): Phalcon\Mvc\Application->handle()
#3 {main}
[Sat, 04 Jul 15 18:24:00 +0200][ERROR] Workmanagements\Frontend\Controllers\CommonController handler class cannot be loaded [C:\xampp\htdocs\workmanagements\public\index.php(57)]
Started Trace
#0 [internal function]: Phalcon\Mvc\Dispatcher->_throwDispatchException('Workmanagements...', 2)
#1 [internal function]: Phalcon\Dispatcher->dispatch()
#2 C:\xampp\htdocs\workmanagements\public\index.php(57): Phalcon\Mvc\Application->handle()
#3 {main}
[Sat, 04 Jul 15 18:24:00 +0200][ERROR] Workmanagements\Frontend\Controllers\CommonController handler class cannot be loaded [C:\xampp\htdocs\workmanagements\public\index.php(57)]
Started Trace
#0 [internal function]: Phalcon\Mvc\Dispatcher->_throwDispatchException('Workmanagements...', 2)
#1 [internal function]: Phalcon\Dispatcher->dispatch()
#2 C:\xampp\htdocs\workmanagements\public\index.php(57): Phalcon\Mvc\Application->handle()
#3 {main}
[Sat, 04 Jul 15 18:24:00 +0200][ERROR] Workmanagements\Frontend\Controllers\CommonController handler class cannot be loaded [C:\xampp\htdocs\workmanagements\public\index.php(57)]
Started Trace
#0 [internal function]: Phalcon\Mvc\Dispatcher->_throwDispatchException('Workmanagements...', 2)
#1 [internal function]: Phalcon\Dispatcher->dispatch()
#2 C:\xampp\htdocs\workmanagements\public\index.php(57): Phalcon\Mvc\Application->handle()
#3 {main}
[Sat, 04 Jul 15 18:24:00 +0200][ERROR] Workmanagements\Frontend\Controllers\CommonController handler class cannot be loaded [C:\xampp\htdocs\workmanagements\public\index.php(57)]
Started Trace
#0 [internal function]: Phalcon\Mvc\Dispatcher->_throwDispatchException('Workmanagements...', 2)
#1 [internal function]: Phalcon\Dispatcher->dispatch()
#2 C:\xampp\htdocs\workmanagements\public\index.php(57): Phalcon\Mvc\Application->handle()
#3 {main}
[Sat, 04 Jul 15 18:24:03 +0200][ERROR] Workmanagements\Frontend\Controllers\ImgController handler class cannot be loaded [C:\xampp\htdocs\workmanagements\public\index.php(57)]
Started Trace
#0 [internal function]: Phalcon\Mvc\Dispatcher->_throwDispatchException('Workmanagements...', 2)
#1 [internal function]: Phalcon\Dispatcher->dispatch()
#2 C:\xampp\htdocs\workmanagements\public\index.php(57): Phalcon\Mvc\Application->handle()
#3 {main}
[Sat, 04 Jul 15 18:24:03 +0200][ERROR] Workmanagements\Frontend\Controllers\CommonController handler class cannot be loaded [C:\xampp\htdocs\workmanagements\public\index.php(57)]
Started Trace
#0 [internal function]: Phalcon\Mvc\Dispatcher->_throwDispatchException('Workmanagements...', 2)
#1 [internal function]: Phalcon\Dispatcher->dispatch()
#2 C:\xampp\htdocs\workmanagements\public\index.php(57): Phalcon\Mvc\Application->handle()
#3 {main}
[Sat, 04 Jul 15 18:24:30 +0200][ERROR] Workmanagements\Frontend\Controllers\ImgController handler class cannot be loaded [C:\xampp\htdocs\workmanagements\public\index.php(57)]
Started Trace
#0 [internal function]: Phalcon\Mvc\Dispatcher->_throwDispatchException('Workmanagements...', 2)
#1 [internal function]: Phalcon\Dispatcher->dispatch()
#2 C:\xampp\htdocs\workmanagements\public\index.php(57): Phalcon\Mvc\Application->handle()
#3 {main}
[Sat, 04 Jul 15 18:24:38 +0200][ERROR] Workmanagements\Frontend\Controllers\CommonController handler class cannot be loaded [C:\xampp\htdocs\workmanagements\public\index.php(57)]
Started Trace
#0 [internal function]: Phalcon\Mvc\Dispatcher->_throwDispatchException('Workmanagements...', 2)
#1 [internal function]: Phalcon\Dispatcher->dispatch()
#2 C:\xampp\htdocs\workmanagements\public\index.php(57): Phalcon\Mvc\Application->handle()
#3 {main}
[Sat, 04 Jul 15 18:24:38 +0200][ERROR] Workmanagements\Frontend\Controllers\CommonController handler class cannot be loaded [C:\xampp\htdocs\workmanagements\public\index.php(57)]
Started Trace
#0 [internal function]: Phalcon\Mvc\Dispatcher->_throwDispatchException('Workmanagements...', 2)
#1 [internal function]: Phalcon\Dispatcher->dispatch()
#2 C:\xampp\htdocs\workmanagements\public\index.php(57): Phalcon\Mvc\Application->handle()
#3 {main}
[Sat, 04 Jul 15 18:24:38 +0200][ERROR] Workmanagements\Frontend\Controllers\CommonController handler class cannot be loaded [C:\xampp\htdocs\workmanagements\public\index.php(57)]
Started Trace
#0 [internal function]: Phalcon\Mvc\Dispatcher->_throwDispatchException('Workmanagements...', 2)
#1 [internal function]: Phalcon\Dispatcher->dispatch()
#2 C:\xampp\htdocs\workmanagements\public\index.php(57): Phalcon\Mvc\Application->handle()
#3 {main}
[Sat, 04 Jul 15 18:24:38 +0200][ERROR] Workmanagements\Frontend\Controllers\ImgController handler class cannot be loaded [C:\xampp\htdocs\workmanagements\public\index.php(57)]
Started Trace
#0 [internal function]: Phalcon\Mvc\Dispatcher->_throwDispatchException('Workmanagements...', 2)
#1 [internal function]: Phalcon\Dispatcher->dispatch()
#2 C:\xampp\htdocs\workmanagements\public\index.php(57): Phalcon\Mvc\Application->handle()
#3 {main}
[Sat, 04 Jul 15 18:24:38 +0200][ERROR] Workmanagements\Frontend\Controllers\CommonController handler class cannot be loaded [C:\xampp\htdocs\workmanagements\public\index.php(57)]
Started Trace
#0 [internal function]: Phalcon\Mvc\Dispatcher->_throwDispatchException('Workmanagements...', 2)
#1 [internal function]: Phalcon\Dispatcher->dispatch()
#2 C:\xampp\htdocs\workmanagements\public\index.php(57): Phalcon\Mvc\Application->handle()
#3 {main}
[Sat, 04 Jul 15 18:24:49 +0200][ERROR] Workmanagements\Frontend\Controllers\ImgController handler class cannot be loaded [C:\xampp\htdocs\workmanagements\public\index.php(57)]
Started Trace
#0 [internal function]: Phalcon\Mvc\Dispatcher->_throwDispatchException('Workmanagements...', 2)
#1 [internal function]: Phalcon\Dispatcher->dispatch()
#2 C:\xampp\htdocs\workmanagements\public\index.php(57): Phalcon\Mvc\Application->handle()
#3 {main}
[Sat, 04 Jul 15 18:24:49 +0200][ERROR] Workmanagements\Frontend\Controllers\CommonController handler class cannot be loaded [C:\xampp\htdocs\workmanagements\public\index.php(57)]
Started Trace
#0 [internal function]: Phalcon\Mvc\Dispatcher->_throwDispatchException('Workmanagements...', 2)
#1 [internal function]: Phalcon\Dispatcher->dispatch()
#2 C:\xampp\htdocs\workmanagements\public\index.php(57): Phalcon\Mvc\Application->handle()
#3 {main}
[Sat, 04 Jul 15 18:24:56 +0200][ERROR] Workmanagements\Frontend\Controllers\ImgController handler class cannot be loaded [C:\xampp\htdocs\workmanagements\public\index.php(57)]
Started Trace
#0 [internal function]: Phalcon\Mvc\Dispatcher->_throwDispatchException('Workmanagements...', 2)
#1 [internal function]: Phalcon\Dispatcher->dispatch()
#2 C:\xampp\htdocs\workmanagements\public\index.php(57): Phalcon\Mvc\Application->handle()
#3 {main}
[Sat, 04 Jul 15 18:24:56 +0200][ERROR] Workmanagements\Frontend\Controllers\CommonController handler class cannot be loaded [C:\xampp\htdocs\workmanagements\public\index.php(57)]
Started Trace
#0 [internal function]: Phalcon\Mvc\Dispatcher->_throwDispatchException('Workmanagements...', 2)
#1 [internal function]: Phalcon\Dispatcher->dispatch()
#2 C:\xampp\htdocs\workmanagements\public\index.php(57): Phalcon\Mvc\Application->handle()
#3 {main}
[Sat, 04 Jul 15 18:30:08 +0200][ERROR] Workmanagements\Frontend\Controllers\ImgController handler class cannot be loaded [C:\xampp\htdocs\workmanagements\public\index.php(57)]
Started Trace
#0 [internal function]: Phalcon\Mvc\Dispatcher->_throwDispatchException('Workmanagements...', 2)
#1 [internal function]: Phalcon\Dispatcher->dispatch()
#2 C:\xampp\htdocs\workmanagements\public\index.php(57): Phalcon\Mvc\Application->handle()
#3 {main}
[Sat, 04 Jul 15 18:30:46 +0200][ERROR] Workmanagements\Frontend\Controllers\CommonController handler class cannot be loaded [C:\xampp\htdocs\workmanagements\public\index.php(57)]
Started Trace
#0 [internal function]: Phalcon\Mvc\Dispatcher->_throwDispatchException('Workmanagements...', 2)
#1 [internal function]: Phalcon\Dispatcher->dispatch()
#2 C:\xampp\htdocs\workmanagements\public\index.php(57): Phalcon\Mvc\Application->handle()
#3 {main}
